#
# There is insufficient memory for the Java Runtime Environment to continue.
# Native memory allocation (mmap) failed to map 175112192 bytes for committing reserved memory.
# Possible reasons:
#   The system is out of physical RAM or swap space
#   In 32 bit mode, the process size limit was hit
# Possible solutions:
#   Reduce memory load on the system
#   Increase physical memory or swap space
#   Check if swap backing store is full
#   Use 64 bit Java on a 64 bit OS
#   Decrease Java heap size (-Xmx/-Xms)
#   Decrease number of Java threads
#   Decrease Java thread stack sizes (-Xss)
#   Set larger code cache with -XX:ReservedCodeCacheSize=
# This output file may be truncated or incomplete.
#
#  Out of Memory Error (os_linux.cpp:2627), pid=7548, tid=140356835026688
#
# JRE version: Java(TM) SE Runtime Environment (8.0_91-b14) (build 1.8.0_91-b14)
# Java VM: Java HotSpot(TM) 64-Bit Server VM (25.91-b14 mixed mode linux-amd64 compressed oops)
# Failed to write core dump. Core dumps have been disabled. To enable core dumping, try "ulimit -c unlimited" before starting Java again
#

---------------  T H R E A D  ---------------

Current thread (0x00007fa790080000):  VMThread [stack: 0x00007fa75f3b2000,0x00007fa75f4b3000] [id=7569]

Stack: [0x00007fa75f3b2000,0x00007fa75f4b3000],  sp=0x00007fa75f4b10e0,  free space=1020k
Native frames: (J=compiled Java code, j=interpreted, Vv=VM code, C=native code)
V  [libjvm.so+0xabc18a]  VMError::report_and_die()+0x2ba
V  [libjvm.so+0x4fafeb]  report_vm_out_of_memory(char const*, int, unsigned long, VMErrorType, char const*)+0x8b
V  [libjvm.so+0x91cbb3]  os::Linux::commit_memory_impl(char*, unsigned long, bool)+0x103
V  [libjvm.so+0x91d109]  os::pd_commit_memory(char*, unsigned long, unsigned long, bool)+0x29
V  [libjvm.so+0x91740a]  os::commit_memory(char*, unsigned long, unsigned long, bool)+0x2a
V  [libjvm.so+0x98b033]  PSVirtualSpace::expand_by(unsigned long)+0x53
V  [libjvm.so+0x98c438]  PSYoungGen::resize_generation(unsigned long, unsigned long)+0xf8
V  [libjvm.so+0x98b592]  PSYoungGen::resize(unsigned long, unsigned long)+0x22
V  [libjvm.so+0x98886b]  PSScavenge::invoke_no_policy()+0xf3b
V  [libjvm.so+0x988ff1]  PSScavenge::invoke()+0x41
V  [libjvm.so+0x9408b0]  ParallelScavengeHeap::failed_mem_allocate(unsigned long)+0x70
V  [libjvm.so+0xabdba7]  VM_ParallelGCFailedAllocation::doit()+0x97
V  [libjvm.so+0xac55d5]  VM_Operation::evaluate()+0x55
V  [libjvm.so+0xac39aa]  VMThread::evaluate_operation(VM_Operation*)+0xba
V  [libjvm.so+0xac3d2e]  VMThread::loop()+0x1ce
V  [libjvm.so+0xac41a0]  VMThread::run()+0x70
V  [libjvm.so+0x91ef78]  java_start(Thread*)+0x108

VM_Operation (0x00007fa75df579d0): ParallelGCFailedAllocation, mode: safepoint, requested by thread 0x00007fa7901a7800


---------------  P R O C E S S  ---------------

Java Threads: ( => current thread )
  0x00007fa7901a9800 JavaThread "pool-2-thread-4" [_thread_blocked, id=7597, stack(0x00007fa75dd58000,0x00007fa75de59000)]
  0x00007fa7901a7800 JavaThread "pool-2-thread-3" [_thread_blocked, id=7596, stack(0x00007fa75de59000,0x00007fa75df5a000)]
  0x00007fa7901a6800 JavaThread "pool-2-thread-2" [_thread_blocked, id=7595, stack(0x00007fa75df5a000,0x00007fa75e05b000)]
  0x00007fa7901a4800 JavaThread "pool-3-thread-1" [_thread_blocked, id=7594, stack(0x00007fa75e05b000,0x00007fa75e15c000)]
  0x00007fa7901a2800 JavaThread "pool-2-thread-1" [_thread_blocked, id=7593, stack(0x00007fa75e15c000,0x00007fa75e25d000)]
  0x00007fa7900d4000 JavaThread "Service Thread" daemon [_thread_blocked, id=7581, stack(0x00007fa75e35e000,0x00007fa75e45f000)]
  0x00007fa7900c8800 JavaThread "C1 CompilerThread3" daemon [_thread_blocked, id=7580, stack(0x00007fa75e45f000,0x00007fa75e560000)]
  0x00007fa7900c6800 JavaThread "C2 CompilerThread2" daemon [_thread_blocked, id=7579, stack(0x00007fa75e560000,0x00007fa75e661000)]
  0x00007fa7900c5000 JavaThread "C2 CompilerThread1" daemon [_thread_blocked, id=7578, stack(0x00007fa75e661000,0x00007fa75e762000)]
  0x00007fa7900c2000 JavaThread "C2 CompilerThread0" daemon [_thread_blocked, id=7577, stack(0x00007fa75e762000,0x00007fa75e863000)]
  0x00007fa7900c0800 JavaThread "Signal Dispatcher" daemon [_thread_blocked, id=7576, stack(0x00007fa75e863000,0x00007fa75e964000)]
  0x00007fa79008c800 JavaThread "Finalizer" daemon [_thread_blocked, id=7575, stack(0x00007fa75f1b0000,0x00007fa75f2b1000)]
  0x00007fa790087800 JavaThread "Reference Handler" daemon [_thread_blocked, id=7574, stack(0x00007fa75f2b1000,0x00007fa75f3b2000)]
  0x00007fa79000a000 JavaThread "main" [_thread_blocked, id=7551, stack(0x00007fa796b1a000,0x00007fa796c1b000)]

Other Threads:
=>0x00007fa790080000 VMThread [stack: 0x00007fa75f3b2000,0x00007fa75f4b3000] [id=7569]
  0x00007fa7900d6800 WatcherThread [stack: 0x00007fa75e25d000,0x00007fa75e35e000] [id=7582]

VM state:at safepoint (normal execution)

VM Mutex/Monitor currently owned by a thread:  ([mutex/lock_event])
[0x00007fa790006590] Threads_lock - owner thread: 0x00007fa790080000
[0x00007fa790006a90] Heap_lock - owner thread: 0x00007fa7901a7800

Heap:
 PSYoungGen      total 132096K, used 5105K [0x00000000eab00000, 0x00000000f3100000, 0x0000000100000000)
  eden space 126976K, 0% used [0x00000000eab00000,0x00000000eab00000,0x00000000f2700000)
  from space 5120K, 99% used [0x00000000f2700000,0x00000000f2bfc728,0x00000000f2c00000)
  to   space 5120K, 0% used [0x00000000f2c00000,0x00000000f2c00000,0x00000000f3100000)
 ParOldGen       total 84992K, used 43589K [0x00000000c0000000, 0x00000000c5300000, 0x00000000eab00000)
  object space 84992K, 51% used [0x00000000c0000000,0x00000000c2a91538,0x00000000c5300000)
 Metaspace       used 6242K, capacity 7128K, committed 7424K, reserved 1056768K
  class space    used 613K, capacity 656K, committed 768K, reserved 1048576K

Card table byte_map: [0x00007fa780619000,0x00007fa78081a000] byte_map_base: 0x00007fa780019000

Marking Bits: (ParMarkBitMap*) 0x00007fa795ff2d60
 Begin Bits: [0x00007fa77dcbb000, 0x00007fa77ecbb000)
 End Bits:   [0x00007fa77ecbb000, 0x00007fa77fcbb000)

Polling page: 0x00007fa796c3b000

CodeCache: size=245760Kb used=6613Kb max_used=6613Kb free=239146Kb
 bounds [0x00007fa780bda000, 0x00007fa78125a000, 0x00007fa78fbda000]
 total_blobs=1984 nmethods=1715 adapters=182
 compilation: enabled

Compilation events (10 events):
Event: 3,929 Thread 0x00007fa7900c8800 nmethod 1924 0x00007fa781251bd0 code [0x00007fa781251d60, 0x00007fa781251ff8]
Event: 3,929 Thread 0x00007fa7900c8800 1925       2       com.android.dx.rop.annotation.Annotations::add (75 bytes)
Event: 3,954 Thread 0x00007fa7900c8800 nmethod 1925 0x00007fa781250e90 code [0x00007fa7812510a0, 0x00007fa7812516c8]
Event: 3,954 Thread 0x00007fa7900c8800 1927       2       com.android.dx.dex.file.AnnotationUtils::makeSignature (251 bytes)
Event: 3,994 Thread 0x00007fa7900c8800 nmethod 1927 0x00007fa7812537d0 code [0x00007fa781253ae0, 0x00007fa781254b88]
Event: 3,995 Thread 0x00007fa7900c8800 1964 %     3       com.android.dx.ssa.SsaRenamer::<init> @ 65 (100 bytes)
Event: 25,271 Thread 0x00007fa7900c8800 nmethod 1964% 0x00007fa78124fbd0 code [0x00007fa78124fdc0, 0x00007fa781250968]
Event: 25,278 Thread 0x00007fa7900c8800 1931       2       sun.util.calendar.ZoneInfo::getTransitionIndex (156 bytes)
Event: 25,282 Thread 0x00007fa7900c8800 nmethod 1931 0x00007fa781256250 code [0x00007fa7812563e0, 0x00007fa781256710]
Event: 25,282 Thread 0x00007fa7900c8800 1965       2       com.android.dx.ssa.LiteralOpUpgrader$1::visitNonMoveInsn (203 bytes)

GC Heap History (9 events):
Event: 0,831 GC heap before
{Heap before GC invocations=1 (full 0):
 PSYoungGen      total 36864K, used 31744K [0x00000000eab00000, 0x00000000ed400000, 0x0000000100000000)
  eden space 31744K, 100% used [0x00000000eab00000,0x00000000eca00000,0x00000000eca00000)
  from space 5120K, 0% used [0x00000000ecf00000,0x00000000ecf00000,0x00000000ed400000)
  to   space 5120K, 0% used [0x00000000eca00000,0x00000000eca00000,0x00000000ecf00000)
 ParOldGen       total 84992K, used 0K [0x00000000c0000000, 0x00000000c5300000, 0x00000000eab00000)
  object space 84992K, 0% used [0x00000000c0000000,0x00000000c0000000,0x00000000c5300000)
 Metaspace       used 5703K, capacity 6704K, committed 6784K, reserved 1056768K
  class space    used 590K, capacity 616K, committed 640K, reserved 1048576K
Event: 0,875 GC heap after
Heap after GC invocations=1 (full 0):
 PSYoungGen      total 36864K, used 5107K [0x00000000eab00000, 0x00000000ef300000, 0x0000000100000000)
  eden space 31744K, 0% used [0x00000000eab00000,0x00000000eab00000,0x00000000eca00000)
  from space 5120K, 99% used [0x00000000eca00000,0x00000000ecefcda8,0x00000000ecf00000)
  to   space 5120K, 0% used [0x00000000eee00000,0x00000000eee00000,0x00000000ef300000)
 ParOldGen       total 84992K, used 203K [0x00000000c0000000, 0x00000000c5300000, 0x00000000eab00000)
  object space 84992K, 0% used [0x00000000c0000000,0x00000000c0032da0,0x00000000c5300000)
 Metaspace       used 5703K, capacity 6704K, committed 6784K, reserved 1056768K
  class space    used 590K, capacity 616K, committed 640K, reserved 1048576K
}
Event: 1,417 GC heap before
{Heap before GC invocations=2 (full 0):
 PSYoungGen      total 36864K, used 36851K [0x00000000eab00000, 0x00000000ef300000, 0x0000000100000000)
  eden space 31744K, 100% used [0x00000000eab00000,0x00000000eca00000,0x00000000eca00000)
  from space 5120K, 99% used [0x00000000eca00000,0x00000000ecefcda8,0x00000000ecf00000)
  to   space 5120K, 0% used [0x00000000eee00000,0x00000000eee00000,0x00000000ef300000)
 ParOldGen       total 84992K, used 203K [0x00000000c0000000, 0x00000000c5300000, 0x00000000eab00000)
  object space 84992K, 0% used [0x00000000c0000000,0x00000000c0032da0,0x00000000c5300000)
 Metaspace       used 5840K, capacity 6832K, committed 7040K, reserved 1056768K
  class space    used 592K, capacity 616K, committed 640K, reserved 1048576K
Event: 1,472 GC heap after
Heap after GC invocations=2 (full 0):
 PSYoungGen      total 68608K, used 5103K [0x00000000eab00000, 0x00000000ef300000, 0x0000000100000000)
  eden space 63488K, 0% used [0x00000000eab00000,0x00000000eab00000,0x00000000ee900000)
  from space 5120K, 99% used [0x00000000eee00000,0x00000000ef2fbe70,0x00000000ef300000)
  to   space 5120K, 0% used [0x00000000ee900000,0x00000000ee900000,0x00000000eee00000)
 ParOldGen       total 84992K, used 3644K [0x00000000c0000000, 0x00000000c5300000, 0x00000000eab00000)
  object space 84992K, 4% used [0x00000000c0000000,0x00000000c038f240,0x00000000c5300000)
 Metaspace       used 5840K, capacity 6832K, committed 7040K, reserved 1056768K
  class space    used 592K, capacity 616K, committed 640K, reserved 1048576K
}
Event: 2,170 GC heap before
{Heap before GC invocations=3 (full 0):
 PSYoungGen      total 68608K, used 68591K [0x00000000eab00000, 0x00000000ef300000, 0x0000000100000000)
  eden space 63488K, 100% used [0x00000000eab00000,0x00000000ee900000,0x00000000ee900000)
  from space 5120K, 99% used [0x00000000eee00000,0x00000000ef2fbe70,0x00000000ef300000)
  to   space 5120K, 0% used [0x00000000ee900000,0x00000000ee900000,0x00000000eee00000)
 ParOldGen       total 84992K, used 3644K [0x00000000c0000000, 0x00000000c5300000, 0x00000000eab00000)
  object space 84992K, 4% used [0x00000000c0000000,0x00000000c038f240,0x00000000c5300000)
 Metaspace       used 5936K, capacity 6896K, committed 7040K, reserved 1056768K
  class space    used 593K, capacity 616K, committed 640K, reserved 1048576K
Event: 2,283 GC heap after
Heap after GC invocations=3 (full 0):
 PSYoungGen      total 68608K, used 5101K [0x00000000eab00000, 0x00000000f3100000, 0x0000000100000000)
  eden space 63488K, 0% used [0x00000000eab00000,0x00000000eab00000,0x00000000ee900000)
  from space 5120K, 99% used [0x00000000ee900000,0x00000000eedfb698,0x00000000eee00000)
  to   space 5120K, 0% used [0x00000000f2c00000,0x00000000f2c00000,0x00000000f3100000)
 ParOldGen       total 84992K, used 14278K [0x00000000c0000000, 0x00000000c5300000, 0x00000000eab00000)
  object space 84992K, 16% used [0x00000000c0000000,0x00000000c0df1b08,0x00000000c5300000)
 Metaspace       used 5936K, capacity 6896K, committed 7040K, reserved 1056768K
  class space    used 593K, capacity 616K, committed 640K, reserved 1048576K
}
Event: 2,673 GC heap before
{Heap before GC invocations=4 (full 0):
 PSYoungGen      total 68608K, used 68589K [0x00000000eab00000, 0x00000000f3100000, 0x0000000100000000)
  eden space 63488K, 100% used [0x00000000eab00000,0x00000000ee900000,0x00000000ee900000)
  from space 5120K, 99% used [0x00000000ee900000,0x00000000eedfb698,0x00000000eee00000)
  to   space 5120K, 0% used [0x00000000f2c00000,0x00000000f2c00000,0x00000000f3100000)
 ParOldGen       total 84992K, used 14278K [0x00000000c0000000, 0x00000000c5300000, 0x00000000eab00000)
  object space 84992K, 16% used [0x00000000c0000000,0x00000000c0df1b08,0x00000000c5300000)
 Metaspace       used 5979K, capacity 6960K, committed 7040K, reserved 1056768K
  class space    used 593K, capacity 616K, committed 640K, reserved 1048576K
Event: 2,724 GC heap after
Heap after GC invocations=4 (full 0):
 PSYoungGen      total 132096K, used 5116K [0x00000000eab00000, 0x00000000f3100000, 0x0000000100000000)
  eden space 126976K, 0% used [0x00000000eab00000,0x00000000eab00000,0x00000000f2700000)
  from space 5120K, 99% used [0x00000000f2c00000,0x00000000f30ff348,0x00000000f3100000)
  to   space 5120K, 0% used [0x00000000f2700000,0x00000000f2700000,0x00000000f2c00000)
 ParOldGen       total 84992K, used 23677K [0x00000000c0000000, 0x00000000c5300000, 0x00000000eab00000)
  object space 84992K, 27% used [0x00000000c0000000,0x00000000c171f668,0x00000000c5300000)
 Metaspace       used 5979K, capacity 6960K, committed 7040K, reserved 1056768K
  class space    used 593K, capacity 616K, committed 640K, reserved 1048576K
}
Event: 25,290 GC heap before
{Heap before GC invocations=5 (full 0):
 PSYoungGen      total 132096K, used 132092K [0x00000000eab00000, 0x00000000f3100000, 0x0000000100000000)
  eden space 126976K, 100% used [0x00000000eab00000,0x00000000f2700000,0x00000000f2700000)
  from space 5120K, 99% used [0x00000000f2c00000,0x00000000f30ff348,0x00000000f3100000)
  to   space 5120K, 0% used [0x00000000f2700000,0x00000000f2700000,0x00000000f2c00000)
 ParOldGen       total 84992K, used 23677K [0x00000000c0000000, 0x00000000c5300000, 0x00000000eab00000)
  object space 84992K, 27% used [0x00000000c0000000,0x00000000c171f668,0x00000000c5300000)
 Metaspace       used 6242K, capacity 7128K, committed 7424K, reserved 1056768K
  class space    used 613K, capacity 656K, committed 768K, reserved 1048576K

Deoptimization events (10 events):
Event: 1,628 Thread 0x00007fa7901a6800 Uncommon trap: reason=unstable_if action=reinterpret pc=0x00007fa780ef7850 method=com.android.dx.rop.code.RegisterSpecSet.put(Lcom/android/dx/rop/code/RegisterSpec;)V @ 77
Event: 2,424 Thread 0x00007fa7901a2800 Uncommon trap: reason=unstable_if action=reinterpret pc=0x00007fa781012fd8 method=com.android.dx.ssa.SsaRenamer$BlockRenamer.visitMoveInsn(Lcom/android/dx/ssa/NormalSsaInsn;)V @ 104
Event: 2,668 Thread 0x00007fa7901a9800 Uncommon trap: reason=bimorphic action=maybe_recompile pc=0x00007fa781074f44 method=java.util.HashMap.putVal(ILjava/lang/Object;Ljava/lang/Object;ZZ)Ljava/lang/Object; @ 203
Event: 3,102 Thread 0x00007fa7901a6800 Uncommon trap: reason=unstable_if action=reinterpret pc=0x00007fa781164bdc method=com.android.dx.rop.code.LocalItem.compareHandlesNulls(Lcom/android/dx/rop/cst/CstString;Lcom/android/dx/rop/cst/CstString;)I @ 14
Event: 3,588 Thread 0x00007fa7901a9800 Uncommon trap: reason=unstable_if action=reinterpret pc=0x00007fa780e8c080 method=java.util.HashMap.putVal(ILjava/lang/Object;Ljava/lang/Object;ZZ)Ljava/lang/Object; @ 162
Event: 3,819 Thread 0x00007fa7901a9800 Uncommon trap: reason=unstable_if action=reinterpret pc=0x00007fa781189b2c method=java.util.HashMap.getNode(ILjava/lang/Object;)Ljava/util/HashMap$Node; @ 84
Event: 3,853 Thread 0x00007fa79000a000 Uncommon trap: reason=unstable_if action=reinterpret pc=0x00007fa78112c080 method=com.android.dx.ssa.MoveParamCombiner$1.visitNonMoveInsn(Lcom/android/dx/ssa/NormalSsaInsn;)V @ 27
Event: 3,857 Thread 0x00007fa79000a000 Uncommon trap: reason=unstable_if action=reinterpret pc=0x00007fa78111a89c method=com.android.dx.ssa.SCCP.simulateStmt(Lcom/android/dx/ssa/SsaInsn;)V @ 53
Event: 25,273 Thread 0x00007fa7901a2800 Uncommon trap: reason=bimorphic action=maybe_recompile pc=0x00007fa781179e5c method=com.android.dx.ssa.LiteralOpUpgrader.tryReplacingWithConstant(Lcom/android/dx/ssa/NormalSsaInsn;)Z @ 62
Event: 25,273 Thread 0x00007fa7901a2800 Uncommon trap: reason=unstable_if action=reinterpret pc=0x00007fa7811a2ffc method=com.android.dx.ssa.LiteralOpUpgrader$1.visitNonMoveInsn(Lcom/android/dx/ssa/NormalSsaInsn;)V @ 24

Internal exceptions (7 events):
Event: 0,037 Thread 0x00007fa79000a000 Exception <a 'java/lang/NoSuchMethodError': Method sun.misc.Unsafe.defineClass(Ljava/lang/String;[BII)Ljava/lang/Class; name or signature does not match> (0x00000000eab07cc0) thrown at [/HUDSON/workspace/8-2-build-linux-amd64/jdk8u91/6644/hotspot/src/shar
Event: 0,037 Thread 0x00007fa79000a000 Exception <a 'java/lang/NoSuchMethodError': Method sun.misc.Unsafe.prefetchRead(Ljava/lang/Object;J)V name or signature does not match> (0x00000000eab07fa8) thrown at [/HUDSON/workspace/8-2-build-linux-amd64/jdk8u91/6644/hotspot/src/share/vm/prims/jni.cpp
Event: 1,588 Thread 0x00007fa7901a6800 Implicit null exception at 0x00007fa780e824ac to 0x00007fa780e8537d
Event: 3,102 Thread 0x00007fa7901a6800 Implicit null exception at 0x00007fa781163413 to 0x00007fa781164bb1
Event: 3,803 Thread 0x00007fa7901a9800 Exception <a 'java/lang/ArrayIndexOutOfBoundsException': 18> (0x00000000f0ceb6f0) thrown at [/HUDSON/workspace/8-2-build-linux-amd64/jdk8u91/6644/hotspot/src/share/vm/interpreter/interpreterRuntime.cpp, line 366]
Event: 3,804 Thread 0x00007fa7901a9800 Exception <a 'java/lang/ArrayIndexOutOfBoundsException': 145> (0x00000000f0ced270) thrown at [/HUDSON/workspace/8-2-build-linux-amd64/jdk8u91/6644/hotspot/src/share/vm/interpreter/interpreterRuntime.cpp, line 366]
Event: 3,813 Thread 0x00007fa7901a9800 Exception <a 'java/lang/ArrayIndexOutOfBoundsException'> (0x00000000f0cee558) thrown at [/HUDSON/workspace/8-2-build-linux-amd64/jdk8u91/6644/hotspot/src/share/vm/runtime/sharedRuntime.cpp, line 605]

Events (10 events):
Event: 4,435 Executing VM operation: EnableBiasedLocking
Event: 5,080 Thread 0x00007fa7901a9800 DEOPT UNPACKING pc=0x00007fa780c21633 sp=0x00007fa75de56db0 mode 0
Event: 15,191 Executing VM operation: EnableBiasedLocking done
Event: 25,273 Thread 0x00007fa7901a2800 Uncommon trap: trap_request=0xffffffc6 fr.pc=0x00007fa781179e5c
Event: 25,273 Thread 0x00007fa7901a2800 DEOPT PACKING pc=0x00007fa781179e5c sp=0x00007fa75e25ac90
Event: 25,273 Thread 0x00007fa7901a2800 DEOPT UNPACKING pc=0x00007fa780bdf229 sp=0x00007fa75e25ac50 mode 2
Event: 25,273 Thread 0x00007fa7901a2800 Uncommon trap: trap_request=0xffffff65 fr.pc=0x00007fa7811a2ffc
Event: 25,273 Thread 0x00007fa7901a2800 DEOPT PACKING pc=0x00007fa7811a2ffc sp=0x00007fa75e25ad00
Event: 25,273 Thread 0x00007fa7901a2800 DEOPT UNPACKING pc=0x00007fa780bdf229 sp=0x00007fa75e25acd0 mode 2
Event: 25,283 Executing VM operation: ParallelGCFailedAllocation


Dynamic libraries:
00400000-00401000 r-xp 00000000 08:04 1184221                            /usr/lib/jvm/java-8-oracle/bin/java
00600000-00601000 rw-p 00000000 08:04 1184221                            /usr/lib/jvm/java-8-oracle/bin/java
02369000-0238a000 rw-p 00000000 00:00 0                                  [heap]
c0000000-c5300000 rw-p 00000000 00:00 0 
c5300000-eab00000 ---p 00000000 00:00 0 
eab00000-f3100000 rw-p 00000000 00:00 0 
fd800000-100000000 ---p 00000000 00:00 0 
100000000-1000c0000 rw-p 00000000 00:00 0 
1000c0000-140000000 ---p 00000000 00:00 0 
7fa71c000000-7fa71c02c000 rw-p 00000000 00:00 0 
7fa71c02c000-7fa720000000 ---p 00000000 00:00 0 
7fa720000000-7fa720021000 rw-p 00000000 00:00 0 
7fa720021000-7fa724000000 ---p 00000000 00:00 0 
7fa724000000-7fa724021000 rw-p 00000000 00:00 0 
7fa724021000-7fa728000000 ---p 00000000 00:00 0 
7fa728000000-7fa728021000 rw-p 00000000 00:00 0 
7fa728021000-7fa72c000000 ---p 00000000 00:00 0 
7fa72c000000-7fa72c021000 rw-p 00000000 00:00 0 
7fa72c021000-7fa730000000 ---p 00000000 00:00 0 
7fa730000000-7fa73003b000 rw-p 00000000 00:00 0 
7fa73003b000-7fa734000000 ---p 00000000 00:00 0 
7fa734000000-7fa73479b000 rw-p 00000000 00:00 0 
7fa73479b000-7fa738000000 ---p 00000000 00:00 0 
7fa738000000-7fa738021000 rw-p 00000000 00:00 0 
7fa738021000-7fa73c000000 ---p 00000000 00:00 0 
7fa73c000000-7fa73c9e5000 rw-p 00000000 00:00 0 
7fa73c9e5000-7fa740000000 ---p 00000000 00:00 0 
7fa740000000-7fa74079f000 rw-p 00000000 00:00 0 
7fa74079f000-7fa744000000 ---p 00000000 00:00 0 
7fa744000000-7fa744021000 rw-p 00000000 00:00 0 
7fa744021000-7fa748000000 ---p 00000000 00:00 0 
7fa748000000-7fa748c98000 rw-p 00000000 00:00 0 
7fa748c98000-7fa74c000000 ---p 00000000 00:00 0 
7fa74c000000-7fa74c021000 rw-p 00000000 00:00 0 
7fa74c021000-7fa750000000 ---p 00000000 00:00 0 
7fa750000000-7fa750021000 rw-p 00000000 00:00 0 
7fa750021000-7fa754000000 ---p 00000000 00:00 0 
7fa754000000-7fa75428c000 rw-p 00000000 00:00 0 
7fa75428c000-7fa758000000 ---p 00000000 00:00 0 
7fa758000000-7fa758021000 rw-p 00000000 00:00 0 
7fa758021000-7fa75c000000 ---p 00000000 00:00 0 
7fa75dd58000-7fa75dd5b000 ---p 00000000 00:00 0 
7fa75dd5b000-7fa75de59000 rw-p 00000000 00:00 0 
7fa75de59000-7fa75de5c000 ---p 00000000 00:00 0 
7fa75de5c000-7fa75df5a000 rw-p 00000000 00:00 0 
7fa75df5a000-7fa75df5d000 ---p 00000000 00:00 0 
7fa75df5d000-7fa75e05b000 rw-p 00000000 00:00 0 
7fa75e05b000-7fa75e05e000 ---p 00000000 00:00 0 
7fa75e05e000-7fa75e15c000 rw-p 00000000 00:00 0 
7fa75e15c000-7fa75e15f000 ---p 00000000 00:00 0 
7fa75e15f000-7fa75e25d000 rw-p 00000000 00:00 0 
7fa75e25d000-7fa75e25e000 ---p 00000000 00:00 0 
7fa75e25e000-7fa75e35e000 rw-p 00000000 00:00 0 
7fa75e35e000-7fa75e361000 ---p 00000000 00:00 0 
7fa75e361000-7fa75e45f000 rw-p 00000000 00:00 0 
7fa75e45f000-7fa75e462000 ---p 00000000 00:00 0 
7fa75e462000-7fa75e560000 rw-p 00000000 00:00 0 
7fa75e560000-7fa75e563000 ---p 00000000 00:00 0 
7fa75e563000-7fa75e661000 rw-p 00000000 00:00 0 
7fa75e661000-7fa75e664000 ---p 00000000 00:00 0 
7fa75e664000-7fa75e762000 rw-p 00000000 00:00 0 
7fa75e762000-7fa75e765000 ---p 00000000 00:00 0 
7fa75e765000-7fa75e863000 rw-p 00000000 00:00 0 
7fa75e863000-7fa75e866000 ---p 00000000 00:00 0 
7fa75e866000-7fa75e964000 rw-p 00000000 00:00 0 
7fa75e964000-7fa75f1b0000 r--p 00000000 08:04 531399                     /usr/lib/locale/locale-archive
7fa75f1b0000-7fa75f1b3000 ---p 00000000 00:00 0 
7fa75f1b3000-7fa75f2b1000 rw-p 00000000 00:00 0 
7fa75f2b1000-7fa75f2b4000 ---p 00000000 00:00 0 
7fa75f2b4000-7fa75f3b2000 rw-p 00000000 00:00 0 
7fa75f3b2000-7fa75f3b3000 ---p 00000000 00:00 0 
7fa75f3b3000-7fa760000000 rw-p 00000000 00:00 0 
7fa760000000-7fa760021000 rw-p 00000000 00:00 0 
7fa760021000-7fa764000000 ---p 00000000 00:00 0 
7fa764000000-7fa764021000 rw-p 00000000 00:00 0 
7fa764021000-7fa768000000 ---p 00000000 00:00 0 
7fa768000000-7fa768021000 rw-p 00000000 00:00 0 
7fa768021000-7fa76c000000 ---p 00000000 00:00 0 
7fa76c000000-7fa76c021000 rw-p 00000000 00:00 0 
7fa76c021000-7fa770000000 ---p 00000000 00:00 0 
7fa770000000-7fa770021000 rw-p 00000000 00:00 0 
7fa770021000-7fa774000000 ---p 00000000 00:00 0 
7fa774000000-7fa774021000 rw-p 00000000 00:00 0 
7fa774021000-7fa778000000 ---p 00000000 00:00 0 
7fa778000000-7fa778021000 rw-p 00000000 00:00 0 
7fa778021000-7fa77c000000 ---p 00000000 00:00 0 
7fa77c00a000-7fa77c020000 r--s 000f1000 08:04 415941                     /home/ankoma88/AndroidStudioProjects/NewsReader/app/build/intermediates/exploded-aar/com.android.support/support-v4/23.4.0/jars/classes.jar
7fa77c020000-7fa77d0e2000 rw-p 00000000 00:00 0 
7fa77d0e2000-7fa77d2bb000 r--s 03d1f000 08:04 802413                     /usr/lib/jvm/java-8-oracle/jre/lib/rt.jar
7fa77d2bb000-7fa77d93b000 rw-p 00000000 00:00 0 
7fa77d93b000-7fa77dabb000 ---p 00000000 00:00 0 
7fa77dabb000-7fa77fcbb000 rw-p 00000000 00:00 0 
7fa77fcbb000-7fa77fcbc000 ---p 00000000 00:00 0 
7fa77fcbc000-7fa77fdbc000 rw-p 00000000 00:00 0 
7fa77fdbc000-7fa77fdbd000 ---p 00000000 00:00 0 
7fa77fdbd000-7fa77febd000 rw-p 00000000 00:00 0 
7fa77febd000-7fa77febe000 ---p 00000000 00:00 0 
7fa77febe000-7fa77ffbe000 rw-p 00000000 00:00 0 
7fa77ffbe000-7fa77ffbf000 ---p 00000000 00:00 0 
7fa77ffbf000-7fa7800bf000 rw-p 00000000 00:00 0 
7fa7800bf000-7fa7800c0000 ---p 00000000 00:00 0 
7fa7800c0000-7fa7801c0000 rw-p 00000000 00:00 0 
7fa7801c0000-7fa7801c1000 ---p 00000000 00:00 0 
7fa7801c1000-7fa7802c1000 rw-p 00000000 00:00 0 
7fa7802c1000-7fa7802c2000 ---p 00000000 00:00 0 
7fa7802c2000-7fa7803c2000 rw-p 00000000 00:00 0 
7fa7803c2000-7fa7803c3000 ---p 00000000 00:00 0 
7fa7803c3000-7fa7804ed000 rw-p 00000000 00:00 0 
7fa7804ed000-7fa780619000 ---p 00000000 00:00 0 
7fa780619000-7fa780643000 rw-p 00000000 00:00 0 
7fa780643000-7fa78076e000 ---p 00000000 00:00 0 
7fa78076e000-7fa7807b2000 rw-p 00000000 00:00 0 
7fa7807b2000-7fa780819000 ---p 00000000 00:00 0 
7fa780819000-7fa780834000 rw-p 00000000 00:00 0 
7fa780834000-7fa780bda000 ---p 00000000 00:00 0 
7fa780bda000-7fa78125a000 rwxp 00000000 00:00 0 
7fa78125a000-7fa78fbda000 ---p 00000000 00:00 0 
7fa78fbda000-7fa78fbf4000 r-xp 00000000 08:04 1054389                    /usr/lib/jvm/java-8-oracle/jre/lib/amd64/libzip.so
7fa78fbf4000-7fa78fdf4000 ---p 0001a000 08:04 1054389                    /usr/lib/jvm/java-8-oracle/jre/lib/amd64/libzip.so
7fa78fdf4000-7fa78fdf5000 rw-p 0001a000 08:04 1054389                    /usr/lib/jvm/java-8-oracle/jre/lib/amd64/libzip.so
7fa78fdf5000-7fa78fdff000 r-xp 00000000 08:04 270973                     /lib/x86_64-linux-gnu/libnss_files-2.19.so
7fa78fdff000-7fa78fffe000 ---p 0000a000 08:04 270973                     /lib/x86_64-linux-gnu/libnss_files-2.19.so
7fa78fffe000-7fa78ffff000 r--p 00009000 08:04 270973                     /lib/x86_64-linux-gnu/libnss_files-2.19.so
7fa78ffff000-7fa790000000 rw-p 0000a000 08:04 270973                     /lib/x86_64-linux-gnu/libnss_files-2.19.so
7fa790000000-7fa7903c7000 rw-p 00000000 00:00 0 
7fa7903c7000-7fa794000000 ---p 00000000 00:00 0 
7fa79400b000-7fa7940c3000 rw-p 00000000 00:00 0 
7fa7940c3000-7fa7940ce000 r-xp 00000000 08:04 270961                     /lib/x86_64-linux-gnu/libnss_nis-2.19.so
7fa7940ce000-7fa7942cd000 ---p 0000b000 08:04 270961                     /lib/x86_64-linux-gnu/libnss_nis-2.19.so
7fa7942cd000-7fa7942ce000 r--p 0000a000 08:04 270961                     /lib/x86_64-linux-gnu/libnss_nis-2.19.so
7fa7942ce000-7fa7942cf000 rw-p 0000b000 08:04 270961                     /lib/x86_64-linux-gnu/libnss_nis-2.19.so
7fa7942cf000-7fa7942e6000 r-xp 00000000 08:04 270957                     /lib/x86_64-linux-gnu/libnsl-2.19.so
7fa7942e6000-7fa7944e5000 ---p 00017000 08:04 270957                     /lib/x86_64-linux-gnu/libnsl-2.19.so
7fa7944e5000-7fa7944e6000 r--p 00016000 08:04 270957                     /lib/x86_64-linux-gnu/libnsl-2.19.so
7fa7944e6000-7fa7944e7000 rw-p 00017000 08:04 270957                     /lib/x86_64-linux-gnu/libnsl-2.19.so
7fa7944e7000-7fa7944e9000 rw-p 00000000 00:00 0 
7fa7944e9000-7fa7944f2000 r-xp 00000000 08:04 270956                     /lib/x86_64-linux-gnu/libnss_compat-2.19.so
7fa7944f2000-7fa7946f1000 ---p 00009000 08:04 270956                     /lib/x86_64-linux-gnu/libnss_compat-2.19.so
7fa7946f1000-7fa7946f2000 r--p 00008000 08:04 270956                     /lib/x86_64-linux-gnu/libnss_compat-2.19.so
7fa7946f2000-7fa7946f3000 rw-p 00009000 08:04 270956                     /lib/x86_64-linux-gnu/libnss_compat-2.19.so
7fa7946f3000-7fa79471d000 r-xp 00000000 08:04 1054391                    /usr/lib/jvm/java-8-oracle/jre/lib/amd64/libjava.so
7fa79471d000-7fa79491d000 ---p 0002a000 08:04 1054391                    /usr/lib/jvm/java-8-oracle/jre/lib/amd64/libjava.so
7fa79491d000-7fa79491f000 rw-p 0002a000 08:04 1054391                    /usr/lib/jvm/java-8-oracle/jre/lib/amd64/libjava.so
7fa79491f000-7fa79492c000 r-xp 00000000 08:04 1057088                    /usr/lib/jvm/java-8-oracle/jre/lib/amd64/libverify.so
7fa79492c000-7fa794b2c000 ---p 0000d000 08:04 1057088                    /usr/lib/jvm/java-8-oracle/jre/lib/amd64/libverify.so
7fa794b2c000-7fa794b2e000 rw-p 0000d000 08:04 1057088                    /usr/lib/jvm/java-8-oracle/jre/lib/amd64/libverify.so
7fa794b2e000-7fa794b35000 r-xp 00000000 08:04 270968                     /lib/x86_64-linux-gnu/librt-2.19.so
7fa794b35000-7fa794d34000 ---p 00007000 08:04 270968                     /lib/x86_64-linux-gnu/librt-2.19.so
7fa794d34000-7fa794d35000 r--p 00006000 08:04 270968                     /lib/x86_64-linux-gnu/librt-2.19.so
7fa794d35000-7fa794d36000 rw-p 00007000 08:04 270968                     /lib/x86_64-linux-gnu/librt-2.19.so
7fa794d36000-7fa794e3b000 r-xp 00000000 08:04 270934                     /lib/x86_64-linux-gnu/libm-2.19.so
7fa794e3b000-7fa79503a000 ---p 00105000 08:04 270934                     /lib/x86_64-linux-gnu/libm-2.19.so
7fa79503a000-7fa79503b000 r--p 00104000 08:04 270934                     /lib/x86_64-linux-gnu/libm-2.19.so
7fa79503b000-7fa79503c000 rw-p 00105000 08:04 270934                     /lib/x86_64-linux-gnu/libm-2.19.so
7fa79503c000-7fa795cfc000 r-xp 00000000 08:04 1057253                    /usr/lib/jvm/java-8-oracle/jre/lib/amd64/server/libjvm.so
7fa795cfc000-7fa795efc000 ---p 00cc0000 08:04 1057253                    /usr/lib/jvm/java-8-oracle/jre/lib/amd64/server/libjvm.so
7fa795efc000-7fa795fd4000 rw-p 00cc0000 08:04 1057253                    /usr/lib/jvm/java-8-oracle/jre/lib/amd64/server/libjvm.so
7fa795fd4000-7fa79601f000 rw-p 00000000 00:00 0 
7fa79601f000-7fa7961d9000 r-xp 00000000 08:04 270969                     /lib/x86_64-linux-gnu/libc-2.19.so
7fa7961d9000-7fa7963d9000 ---p 001ba000 08:04 270969                     /lib/x86_64-linux-gnu/libc-2.19.so
7fa7963d9000-7fa7963dd000 r--p 001ba000 08:04 270969                     /lib/x86_64-linux-gnu/libc-2.19.so
7fa7963dd000-7fa7963df000 rw-p 001be000 08:04 270969                     /lib/x86_64-linux-gnu/libc-2.19.so
7fa7963df000-7fa7963e4000 rw-p 00000000 00:00 0 
7fa7963e4000-7fa7963e7000 r-xp 00000000 08:04 270944                     /lib/x86_64-linux-gnu/libdl-2.19.so
7fa7963e7000-7fa7965e6000 ---p 00003000 08:04 270944                     /lib/x86_64-linux-gnu/libdl-2.19.so
7fa7965e6000-7fa7965e7000 r--p 00002000 08:04 270944                     /lib/x86_64-linux-gnu/libdl-2.19.so
7fa7965e7000-7fa7965e8000 rw-p 00003000 08:04 270944                     /lib/x86_64-linux-gnu/libdl-2.19.so
7fa7965e8000-7fa7965fd000 r-xp 00000000 08:04 802217                     /usr/lib/jvm/java-8-oracle/lib/amd64/jli/libjli.so
7fa7965fd000-7fa7967fd000 ---p 00015000 08:04 802217                     /usr/lib/jvm/java-8-oracle/lib/amd64/jli/libjli.so
7fa7967fd000-7fa7967fe000 rw-p 00015000 08:04 802217                     /usr/lib/jvm/java-8-oracle/lib/amd64/jli/libjli.so
7fa7967fe000-7fa796817000 r-xp 00000000 08:04 270958                     /lib/x86_64-linux-gnu/libpthread-2.19.so
7fa796817000-7fa796a16000 ---p 00019000 08:04 270958                     /lib/x86_64-linux-gnu/libpthread-2.19.so
7fa796a16000-7fa796a17000 r--p 00018000 08:04 270958                     /lib/x86_64-linux-gnu/libpthread-2.19.so
7fa796a17000-7fa796a18000 rw-p 00019000 08:04 270958                     /lib/x86_64-linux-gnu/libpthread-2.19.so
7fa796a18000-7fa796a1c000 rw-p 00000000 00:00 0 
7fa796a1c000-7fa796a3f000 r-xp 00000000 08:04 270959                     /lib/x86_64-linux-gnu/ld-2.19.so
7fa796a41000-7fa796b1a000 rw-p 00000000 00:00 0 
7fa796b1a000-7fa796b1d000 ---p 00000000 00:00 0 
7fa796b1d000-7fa796c1f000 rw-p 00000000 00:00 0 
7fa796c22000-7fa796c23000 rw-p 00000000 00:00 0 
7fa796c23000-7fa796c32000 r--s 000df000 08:04 135543                     /home/ankoma88/Android/Sdk/build-tools/23.0.3/lib/dx.jar
7fa796c32000-7fa796c3a000 rw-s 00000000 08:04 417115                     /tmp/hsperfdata_ankoma88/7548
7fa796c3a000-7fa796c3b000 rw-p 00000000 00:00 0 
7fa796c3b000-7fa796c3c000 ---p 00000000 00:00 0 
7fa796c3c000-7fa796c3e000 rw-p 00000000 00:00 0 
7fa796c3e000-7fa796c3f000 r--p 00022000 08:04 270959                     /lib/x86_64-linux-gnu/ld-2.19.so
7fa796c3f000-7fa796c40000 rw-p 00023000 08:04 270959                     /lib/x86_64-linux-gnu/ld-2.19.so
7fa796c40000-7fa796c41000 rw-p 00000000 00:00 0 
7ffee80e2000-7ffee8103000 rw-p 00000000 00:00 0                          [stack]
7ffee81dc000-7ffee81de000 r--p 00000000 00:00 0                          [vvar]
7ffee81de000-7ffee81e0000 r-xp 00000000 00:00 0                          [vdso]
ffffffffff600000-ffffffffff601000 r-xp 00000000 00:00 0                  [vsyscall]

VM Arguments:
jvm_args: -Djava.awt.headless=true -Xmx1024M -Dfile.encoding=UTF-8 -Duser.country=US -Duser.language=en -Duser.variant 
java_command: com.android.dx.command.Main --dex --force-jumbo --num-threads=4 --multi-dex --output /home/ankoma88/AndroidStudioProjects/NewsReader/app/build/intermediates/transforms/dex/debug/folders/1000/10/com.android.support-support-v4-23.4.0_58b978084932f35d96f55d5d31c2d2626fbaee6f /home/ankoma88/AndroidStudioProjects/NewsReader/app/build/intermediates/exploded-aar/com.android.support/support-v4/23.4.0/jars/classes.jar
java_class_path (initial): /home/ankoma88/Android/Sdk/build-tools/23.0.3/lib/dx.jar
Launcher Type: SUN_STANDARD

Environment Variables:
JAVA_HOME=/usr/lib/jvm/java-8-oracle
PATH=/usr/local/sbin:/usr/local/bin:/usr/sbin:/usr/bin:/sbin:/bin:/usr/games:/usr/local/games:/usr/lib/jvm/java-8-oracle/bin:/usr/lib/jvm/java-8-oracle/db/bin:/usr/lib/jvm/java-8-oracle/jre/bin
LD_LIBRARY_PATH=/usr/local/ide/android-studio/bin:
SHELL=/bin/bash
DISPLAY=:0

Signal Handlers:
SIGSEGV: [libjvm.so+0xabca10], sa_mask[0]=11111111011111111101111111111110, sa_flags=SA_RESTART|SA_SIGINFO
SIGBUS: [libjvm.so+0xabca10], sa_mask[0]=11111111011111111101111111111110, sa_flags=SA_RESTART|SA_SIGINFO
SIGFPE: [libjvm.so+0x919a20], sa_mask[0]=11111111011111111101111111111110, sa_flags=SA_RESTART|SA_SIGINFO
SIGPIPE: [libjvm.so+0x919a20], sa_mask[0]=11111111011111111101111111111110, sa_flags=SA_RESTART|SA_SIGINFO
SIGXFSZ: [libjvm.so+0x919a20], sa_mask[0]=11111111011111111101111111111110, sa_flags=SA_RESTART|SA_SIGINFO
SIGILL: [libjvm.so+0x919a20], sa_mask[0]=11111111011111111101111111111110, sa_flags=SA_RESTART|SA_SIGINFO
SIGUSR1: SIG_DFL, sa_mask[0]=00000000000000000000000000000000, sa_flags=none
SIGUSR2: [libjvm.so+0x91b050], sa_mask[0]=00100000000000000000000000000000, sa_flags=SA_RESTART|SA_SIGINFO
SIGHUP: [libjvm.so+0x91c450], sa_mask[0]=11111111011111111101111111111110, sa_flags=SA_RESTART|SA_SIGINFO
SIGINT: [libjvm.so+0x91c450], sa_mask[0]=11111111011111111101111111111110, sa_flags=SA_RESTART|SA_SIGINFO
SIGTERM: [libjvm.so+0x91c450], sa_mask[0]=11111111011111111101111111111110, sa_flags=SA_RESTART|SA_SIGINFO
SIGQUIT: [libjvm.so+0x91c450], sa_mask[0]=11111111011111111101111111111110, sa_flags=SA_RESTART|SA_SIGINFO


---------------  S Y S T E M  ---------------

OS:DISTRIB_ID=Ubuntu
DISTRIB_RELEASE=14.04
DISTRIB_CODENAME=trusty
DISTRIB_DESCRIPTION="Ubuntu 14.04.4 LTS"

uname:Linux 4.2.0-38-generic #45~14.04.1-Ubuntu SMP Thu Jun 9 09:27:51 UTC 2016 x86_64
libc:glibc 2.19 NPTL 2.19 
rlimit: STACK 8192k, CORE 0k, NPROC 31124, NOFILE 4096, AS infinity
load average:21,07 6,14 3,14

/proc/meminfo:
MemTotal:        8058472 kB
MemFree:          261096 kB
MemAvailable:     250832 kB
Buffers:            2536 kB
Cached:          1058024 kB
SwapCached:            0 kB
Active:          6582176 kB
Inactive:         955456 kB
Active(anon):    6570696 kB
Inactive(anon):   857508 kB
Active(file):      11480 kB
Inactive(file):    97948 kB
Unevictable:          32 kB
Mlocked:              32 kB
SwapTotal:             0 kB
SwapFree:              0 kB
Dirty:               660 kB
Writeback:             4 kB
AnonPages:       6479772 kB
Mapped:           465348 kB
Shmem:            950624 kB
Slab:              94384 kB
SReclaimable:      38984 kB
SUnreclaim:        55400 kB
KernelStack:       17216 kB
PageTables:        69108 kB
NFS_Unstable:          0 kB
Bounce:                0 kB
WritebackTmp:          0 kB
CommitLimit:     4029236 kB
Committed_AS:   15201992 kB
VmallocTotal:   34359738367 kB
VmallocUsed:      392008 kB
VmallocChunk:   34358947836 kB
HardwareCorrupted:     0 kB
AnonHugePages:   2347008 kB
CmaTotal:              0 kB
CmaFree:               0 kB
HugePages_Total:       0
HugePages_Free:        0
HugePages_Rsvd:        0
HugePages_Surp:        0
Hugepagesize:       2048 kB
DirectMap4k:      198632 kB
DirectMap2M:     8073216 kB


CPU:total 8 (4 cores per cpu, 2 threads per core) family 6 model 58 stepping 9, cmov, cx8, fxsr, mmx, sse, sse2, sse3, ssse3, sse4.1, sse4.2, popcnt, avx, clmul, erms, ht, tsc, tscinvbit, tscinv

/proc/cpuinfo:
processor	: 0
vendor_id	: GenuineIntel
cpu family	: 6
model		: 58
model name	: Intel(R) Core(TM) i7-3610QM CPU @ 2.30GHz
stepping	: 9
microcode	: 0x15
cpu MHz		: 3099.968
cache size	: 6144 KB
physical id	: 0
siblings	: 8
core id		: 0
cpu cores	: 4
apicid		: 0
initial apicid	: 0
fpu		: yes
fpu_exception	: yes
cpuid level	: 13
wp		: yes
flags		: fpu vme de pse tsc msr pae mce cx8 apic sep mtrr pge mca cmov pat pse36 clflush dts acpi mmx fxsr sse sse2 ss ht tm pbe syscall nx rdtscp lm constant_tsc arch_perfmon pebs bts rep_good nopl xtopology nonstop_tsc aperfmperf eagerfpu pni pclmulqdq dtes64 monitor ds_cpl vmx est tm2 ssse3 cx16 xtpr pdcm pcid sse4_1 sse4_2 x2apic popcnt tsc_deadline_timer xsave avx f16c rdrand lahf_lm ida arat epb pln pts dtherm tpr_shadow vnmi flexpriority ept vpid fsgsbase smep erms xsaveopt
bugs		:
bogomips	: 4589.10
clflush size	: 64
cache_alignment	: 64
address sizes	: 36 bits physical, 48 bits virtual
power management:

processor	: 1
vendor_id	: GenuineIntel
cpu family	: 6
model		: 58
model name	: Intel(R) Core(TM) i7-3610QM CPU @ 2.30GHz
stepping	: 9
microcode	: 0x15
cpu MHz		: 3099.968
cache size	: 6144 KB
physical id	: 0
siblings	: 8
core id		: 1
cpu cores	: 4
apicid		: 2
initial apicid	: 2
fpu		: yes
fpu_exception	: yes
cpuid level	: 13
wp		: yes
flags		: fpu vme de pse tsc msr pae mce cx8 apic sep mtrr pge mca cmov pat pse36 clflush dts acpi mmx fxsr sse sse2 ss ht tm pbe syscall nx rdtscp lm constant_tsc arch_perfmon pebs bts rep_good nopl xtopology nonstop_tsc aperfmperf eagerfpu pni pclmulqdq dtes64 monitor ds_cpl vmx est tm2 ssse3 cx16 xtpr pdcm pcid sse4_1 sse4_2 x2apic popcnt tsc_deadline_timer xsave avx f16c rdrand lahf_lm ida arat epb pln pts dtherm tpr_shadow vnmi flexpriority ept vpid fsgsbase smep erms xsaveopt
bugs		:
bogomips	: 4589.10
clflush size	: 64
cache_alignment	: 64
address sizes	: 36 bits physical, 48 bits virtual
power management:

processor	: 2
vendor_id	: GenuineIntel
cpu family	: 6
model		: 58
model name	: Intel(R) Core(TM) i7-3610QM CPU @ 2.30GHz
stepping	: 9
microcode	: 0x15
cpu MHz		: 3099.968
cache size	: 6144 KB
physical id	: 0
siblings	: 8
core id		: 2
cpu cores	: 4
apicid		: 4
initial apicid	: 4
fpu		: yes
fpu_exception	: yes
cpuid level	: 13
wp		: yes
flags		: fpu vme de pse tsc msr pae mce cx8 apic sep mtrr pge mca cmov pat pse36 clflush dts acpi mmx fxsr sse sse2 ss ht tm pbe syscall nx rdtscp lm constant_tsc arch_perfmon pebs bts rep_good nopl xtopology nonstop_tsc aperfmperf eagerfpu pni pclmulqdq dtes64 monitor ds_cpl vmx est tm2 ssse3 cx16 xtpr pdcm pcid sse4_1 sse4_2 x2apic popcnt tsc_deadline_timer xsave avx f16c rdrand lahf_lm ida arat epb pln pts dtherm tpr_shadow vnmi flexpriority ept vpid fsgsbase smep erms xsaveopt
bugs		:
bogomips	: 4589.10
clflush size	: 64
cache_alignment	: 64
address sizes	: 36 bits physical, 48 bits virtual
power management:

processor	: 3
vendor_id	: GenuineIntel
cpu family	: 6
model		: 58
model name	: Intel(R) Core(TM) i7-3610QM CPU @ 2.30GHz
stepping	: 9
microcode	: 0x15
cpu MHz		: 3099.968
cache size	: 6144 KB
physical id	: 0
siblings	: 8
core id		: 3
cpu cores	: 4
apicid		: 6
initial apicid	: 6
fpu		: yes
fpu_exception	: yes
cpuid level	: 13
wp		: yes
flags		: fpu vme de pse tsc msr pae mce cx8 apic sep mtrr pge mca cmov pat pse36 clflush dts acpi mmx fxsr sse sse2 ss ht tm pbe syscall nx rdtscp lm constant_tsc arch_perfmon pebs bts rep_good nopl xtopology nonstop_tsc aperfmperf eagerfpu pni pclmulqdq dtes64 monitor ds_cpl vmx est tm2 ssse3 cx16 xtpr pdcm pcid sse4_1 sse4_2 x2apic popcnt tsc_deadline_timer xsave avx f16c rdrand lahf_lm ida arat epb pln pts dtherm tpr_shadow vnmi flexpriority ept vpid fsgsbase smep erms xsaveopt
bugs		:
bogomips	: 4589.10
clflush size	: 64
cache_alignment	: 64
address sizes	: 36 bits physical, 48 bits virtual
power management:

processor	: 4
vendor_id	: GenuineIntel
cpu family	: 6
model		: 58
model name	: Intel(R) Core(TM) i7-3610QM CPU @ 2.30GHz
stepping	: 9
microcode	: 0x15
cpu MHz		: 3099.968
cache size	: 6144 KB
physical id	: 0
siblings	: 8
core id		: 0
cpu cores	: 4
apicid		: 1
initial apicid	: 1
fpu		: yes
fpu_exception	: yes
cpuid level	: 13
wp		: yes
flags		: fpu vme de pse tsc msr pae mce cx8 apic sep mtrr pge mca cmov pat pse36 clflush dts acpi mmx fxsr sse sse2 ss ht tm pbe syscall nx rdtscp lm constant_tsc arch_perfmon pebs bts rep_good nopl xtopology nonstop_tsc aperfmperf eagerfpu pni pclmulqdq dtes64 monitor ds_cpl vmx est tm2 ssse3 cx16 xtpr pdcm pcid sse4_1 sse4_2 x2apic popcnt tsc_deadline_timer xsave avx f16c rdrand lahf_lm ida arat epb pln pts dtherm tpr_shadow vnmi flexpriority ept vpid fsgsbase smep erms xsaveopt
bugs		:
bogomips	: 4589.10
clflush size	: 64
cache_alignment	: 64
address sizes	: 36 bits physical, 48 bits virtual
power management:

processor	: 5
vendor_id	: GenuineIntel
cpu family	: 6
model		: 58
model name	: Intel(R) Core(TM) i7-3610QM CPU @ 2.30GHz
stepping	: 9
microcode	: 0x15
cpu MHz		: 3099.968
cache size	: 6144 KB
physical id	: 0
siblings	: 8
core id		: 1
cpu cores	: 4
apicid		: 3
initial apicid	: 3
fpu		: yes
fpu_exception	: yes
cpuid level	: 13
wp		: yes
flags		: fpu vme de pse tsc msr pae mce cx8 apic sep mtrr pge mca cmov pat pse36 clflush dts acpi mmx fxsr sse sse2 ss ht tm pbe syscall nx rdtscp lm constant_tsc arch_perfmon pebs bts rep_good nopl xtopology nonstop_tsc aperfmperf eagerfpu pni pclmulqdq dtes64 monitor ds_cpl vmx est tm2 ssse3 cx16 xtpr pdcm pcid sse4_1 sse4_2 x2apic popcnt tsc_deadline_timer xsave avx f16c rdrand lahf_lm ida arat epb pln pts dtherm tpr_shadow vnmi flexpriority ept vpid fsgsbase smep erms xsaveopt
bugs		:
bogomips	: 4589.10
clflush size	: 64
cache_alignment	: 64
address sizes	: 36 bits physical, 48 bits virtual
power management:

processor	: 6
vendor_id	: GenuineIntel
cpu family	: 6
model		: 58
model name	: Intel(R) Core(TM) i7-3610QM CPU @ 2.30GHz
stepping	: 9
microcode	: 0x15
cpu MHz		: 3099.968
cache size	: 6144 KB
physical id	: 0
siblings	: 8
core id		: 2
cpu cores	: 4
apicid		: 5
initial apicid	: 5
fpu		: yes
fpu_exception	: yes
cpuid level	: 13
wp		: yes
flags		: fpu vme de pse tsc msr pae mce cx8 apic sep mtrr pge mca cmov pat pse36 clflush dts acpi mmx fxsr sse sse2 ss ht tm pbe syscall nx rdtscp lm constant_tsc arch_perfmon pebs bts rep_good nopl xtopology nonstop_tsc aperfmperf eagerfpu pni pclmulqdq dtes64 monitor ds_cpl vmx est tm2 ssse3 cx16 xtpr pdcm pcid sse4_1 sse4_2 x2apic popcnt tsc_deadline_timer xsave avx f16c rdrand lahf_lm ida arat epb pln pts dtherm tpr_shadow vnmi flexpriority ept vpid fsgsbase smep erms xsaveopt
bugs		:
bogomips	: 4589.10
clflush size	: 64
cache_alignment	: 64
address sizes	: 36 bits physical, 48 bits virtual
power management:

processor	: 7
vendor_id	: GenuineIntel
cpu family	: 6
model		: 58
model name	: Intel(R) Core(TM) i7-3610QM CPU @ 2.30GHz
stepping	: 9
microcode	: 0x15
cpu MHz		: 3099.968
cache size	: 6144 KB
physical id	: 0
siblings	: 8
core id		: 3
cpu cores	: 4
apicid		: 7
initial apicid	: 7
fpu		: yes
fpu_exception	: yes
cpuid level	: 13
wp		: yes
flags		: fpu vme de pse tsc msr pae mce cx8 apic sep mtrr pge mca cmov pat pse36 clflush dts acpi mmx fxsr sse sse2 ss ht tm pbe syscall nx rdtscp lm constant_tsc arch_perfmon pebs bts rep_good nopl xtopology nonstop_tsc aperfmperf eagerfpu pni pclmulqdq dtes64 monitor ds_cpl vmx est tm2 ssse3 cx16 xtpr pdcm pcid sse4_1 sse4_2 x2apic popcnt tsc_deadline_timer xsave avx f16c rdrand lahf_lm ida arat epb pln pts dtherm tpr_shadow vnmi flexpriority ept vpid fsgsbase smep erms xsaveopt
bugs		:
bogomips	: 4589.10
clflush size	: 64
cache_alignment	: 64
address sizes	: 36 bits physical, 48 bits virtual
power management:



Memory: 4k page, physical 8058472k(260456k free), swap 0k(0k free)

vm_info: Java HotSpot(TM) 64-Bit Server VM (25.91-b14) for linux-amd64 JRE (1.8.0_91-b14), built on Apr  1 2016 00:57:21 by "java_re" with gcc 4.3.0 20080428 (Red Hat 4.3.0-8)

time: Sat Jun 18 14:21:02 2016
elapsed time: 25 seconds (0d 0h 0m 25s)

