#
# There is insufficient memory for the Java Runtime Environment to continue.
# Native memory allocation (mmap) failed to map 32505856 bytes for committing reserved memory.
# Possible reasons:
#   The system is out of physical RAM or swap space
#   In 32 bit mode, the process size limit was hit
# Possible solutions:
#   Reduce memory load on the system
#   Increase physical memory or swap space
#   Check if swap backing store is full
#   Use 64 bit Java on a 64 bit OS
#   Decrease Java heap size (-Xmx/-Xms)
#   Decrease number of Java threads
#   Decrease Java thread stack sizes (-Xss)
#   Set larger code cache with -XX:ReservedCodeCacheSize=
# This output file may be truncated or incomplete.
#
#  Out of Memory Error (os_linux.cpp:2627), pid=8764, tid=140684497483520
#
# JRE version: Java(TM) SE Runtime Environment (8.0_91-b14) (build 1.8.0_91-b14)
# Java VM: Java HotSpot(TM) 64-Bit Server VM (25.91-b14 mixed mode linux-amd64 compressed oops)
# Failed to write core dump. Core dumps have been disabled. To enable core dumping, try "ulimit -c unlimited" before starting Java again
#

---------------  T H R E A D  ---------------

Current thread (0x00007ff3d0080000):  VMThread [stack: 0x00007ff3a96f7000,0x00007ff3a97f8000] [id=8812]

Stack: [0x00007ff3a96f7000,0x00007ff3a97f8000],  sp=0x00007ff3a97f60e0,  free space=1020k
Native frames: (J=compiled Java code, j=interpreted, Vv=VM code, C=native code)
V  [libjvm.so+0xabc18a]  VMError::report_and_die()+0x2ba
V  [libjvm.so+0x4fafeb]  report_vm_out_of_memory(char const*, int, unsigned long, VMErrorType, char const*)+0x8b
V  [libjvm.so+0x91cbb3]  os::Linux::commit_memory_impl(char*, unsigned long, bool)+0x103
V  [libjvm.so+0x91d109]  os::pd_commit_memory(char*, unsigned long, unsigned long, bool)+0x29
V  [libjvm.so+0x91740a]  os::commit_memory(char*, unsigned long, unsigned long, bool)+0x2a
V  [libjvm.so+0x98b033]  PSVirtualSpace::expand_by(unsigned long)+0x53
V  [libjvm.so+0x98c438]  PSYoungGen::resize_generation(unsigned long, unsigned long)+0xf8
V  [libjvm.so+0x98b592]  PSYoungGen::resize(unsigned long, unsigned long)+0x22
V  [libjvm.so+0x98886b]  PSScavenge::invoke_no_policy()+0xf3b
V  [libjvm.so+0x988ff1]  PSScavenge::invoke()+0x41
V  [libjvm.so+0x9408b0]  ParallelScavengeHeap::failed_mem_allocate(unsigned long)+0x70
V  [libjvm.so+0xabdba7]  VM_ParallelGCFailedAllocation::doit()+0x97
V  [libjvm.so+0xac55d5]  VM_Operation::evaluate()+0x55
V  [libjvm.so+0xac39aa]  VMThread::evaluate_operation(VM_Operation*)+0xba
V  [libjvm.so+0xac3d2e]  VMThread::loop()+0x1ce
V  [libjvm.so+0xac41a0]  VMThread::run()+0x70
V  [libjvm.so+0x91ef78]  java_start(Thread*)+0x108

VM_Operation (0x00007ff3a839dd60): ParallelGCFailedAllocation, mode: safepoint, requested by thread 0x00007ff3d0156800


---------------  P R O C E S S  ---------------

Java Threads: ( => current thread )
  0x00007ff3d0156800 JavaThread "pool-2-thread-2" [_thread_blocked, id=8864, stack(0x00007ff3a829f000,0x00007ff3a83a0000)]
  0x00007ff3d0148000 JavaThread "pool-3-thread-1" [_thread_blocked, id=8854, stack(0x00007ff3a83a0000,0x00007ff3a84a1000)]
  0x00007ff3d00d4000 JavaThread "Service Thread" daemon [_thread_blocked, id=8833, stack(0x00007ff3a86a3000,0x00007ff3a87a4000)]
  0x00007ff3d00c8800 JavaThread "C1 CompilerThread3" daemon [_thread_blocked, id=8832, stack(0x00007ff3a87a4000,0x00007ff3a88a5000)]
  0x00007ff3d00c6800 JavaThread "C2 CompilerThread2" daemon [_thread_blocked, id=8830, stack(0x00007ff3a88a5000,0x00007ff3a89a6000)]
  0x00007ff3d00c4800 JavaThread "C2 CompilerThread1" daemon [_thread_blocked, id=8828, stack(0x00007ff3a89a6000,0x00007ff3a8aa7000)]
  0x00007ff3d00c2000 JavaThread "C2 CompilerThread0" daemon [_thread_blocked, id=8826, stack(0x00007ff3a8aa7000,0x00007ff3a8ba8000)]
  0x00007ff3d00c0800 JavaThread "Signal Dispatcher" daemon [_thread_blocked, id=8824, stack(0x00007ff3a8ba8000,0x00007ff3a8ca9000)]
  0x00007ff3d008c000 JavaThread "Finalizer" daemon [_thread_blocked, id=8819, stack(0x00007ff3a94f5000,0x00007ff3a95f6000)]
  0x00007ff3d0087800 JavaThread "Reference Handler" daemon [_thread_blocked, id=8816, stack(0x00007ff3a95f6000,0x00007ff3a96f7000)]
  0x00007ff3d000a000 JavaThread "main" [_thread_blocked, id=8777, stack(0x00007ff3d8eeb000,0x00007ff3d8fec000)]

Other Threads:
=>0x00007ff3d0080000 VMThread [stack: 0x00007ff3a96f7000,0x00007ff3a97f8000] [id=8812]
  0x00007ff3d00d6800 WatcherThread [stack: 0x00007ff3a85a2000,0x00007ff3a86a3000] [id=8834]

VM state:at safepoint (normal execution)

VM Mutex/Monitor currently owned by a thread:  ([mutex/lock_event])
[0x00007ff3d00064d0] Threads_lock - owner thread: 0x00007ff3d0080000
[0x00007ff3d00069d0] Heap_lock - owner thread: 0x00007ff3d0156800

Heap:
 PSYoungGen      total 36864K, used 5092K [0x00000000eab00000, 0x00000000ed400000, 0x0000000100000000)
  eden space 31744K, 0% used [0x00000000eab00000,0x00000000eab00000,0x00000000eca00000)
  from space 5120K, 99% used [0x00000000eca00000,0x00000000ecef9140,0x00000000ecf00000)
  to   space 5120K, 0% used [0x00000000ecf00000,0x00000000ecf00000,0x00000000ed400000)
 ParOldGen       total 84992K, used 5740K [0x00000000c0000000, 0x00000000c5300000, 0x00000000eab00000)
  object space 84992K, 6% used [0x00000000c0000000,0x00000000c059b0d8,0x00000000c5300000)
 Metaspace       used 5533K, capacity 6768K, committed 7040K, reserved 1056768K
  class space    used 572K, capacity 616K, committed 640K, reserved 1048576K

Card table byte_map: [0x00007ff3d5aad000,0x00007ff3d5cae000] byte_map_base: 0x00007ff3d54ad000

Marking Bits: (ParMarkBitMap*) 0x00007ff3d83c3d60
 Begin Bits: [0x00007ff3aa000000, 0x00007ff3ab000000)
 End Bits:   [0x00007ff3ab000000, 0x00007ff3ac000000)

Polling page: 0x00007ff3d900c000

CodeCache: size=245760Kb used=3600Kb max_used=3600Kb free=242159Kb
 bounds [0x00007ff3c1000000, 0x00007ff3c1390000, 0x00007ff3d0000000]
 total_blobs=1097 nmethods=836 adapters=175
 compilation: enabled

Compilation events (10 events):
Event: 1,475 Thread 0x00007ff3d00c8800  880       3       com.android.dx.ssa.SsaBasicBlock::addLiveIn (32 bytes)
Event: 1,475 Thread 0x00007ff3d00c8800 nmethod 880 0x00007ff3c1381210 code [0x00007ff3c13813e0, 0x00007ff3c1381c88]
Event: 1,475 Thread 0x00007ff3d00c8800  878       3       com.android.dx.ssa.SetFactory::makeLivenessSet (26 bytes)
Event: 1,476 Thread 0x00007ff3d00c8800 nmethod 878 0x00007ff3c1382110 code [0x00007ff3c1382320, 0x00007ff3c1382d18]
Event: 1,476 Thread 0x00007ff3d00c8800  883       3       com.android.dx.ssa.back.InterferenceGraph::add (46 bytes)
Event: 1,476 Thread 0x00007ff3d00c8800 nmethod 883 0x00007ff3c1383290 code [0x00007ff3c13834e0, 0x00007ff3c1384008]
Event: 1,476 Thread 0x00007ff3d00c8800  884       3       com.android.dx.ssa.back.InterferenceGraph::ensureCapacity (42 bytes)
Event: 1,477 Thread 0x00007ff3d00c8800 nmethod 884 0x00007ff3c1384750 code [0x00007ff3c13849a0, 0x00007ff3c13857b8]
Event: 1,477 Thread 0x00007ff3d00c8800  875       3       com.android.dx.ssa.PhiTypeResolver::equalsHandlesNulls (23 bytes)
Event: 1,478 Thread 0x00007ff3d00c8800 nmethod 875 0x00007ff3c1386090 code [0x00007ff3c1386220, 0x00007ff3c1386668]

GC Heap History (1 events):
Event: 1,495 GC heap before
{Heap before GC invocations=1 (full 0):
 PSYoungGen      total 36864K, used 31744K [0x00000000eab00000, 0x00000000ed400000, 0x0000000100000000)
  eden space 31744K, 100% used [0x00000000eab00000,0x00000000eca00000,0x00000000eca00000)
  from space 5120K, 0% used [0x00000000ecf00000,0x00000000ecf00000,0x00000000ed400000)
  to   space 5120K, 0% used [0x00000000eca00000,0x00000000eca00000,0x00000000ecf00000)
 ParOldGen       total 84992K, used 0K [0x00000000c0000000, 0x00000000c5300000, 0x00000000eab00000)
  object space 84992K, 0% used [0x00000000c0000000,0x00000000c0000000,0x00000000c5300000)
 Metaspace       used 5533K, capacity 6768K, committed 7040K, reserved 1056768K
  class space    used 572K, capacity 616K, committed 640K, reserved 1048576K

Deoptimization events (2 events):
Event: 0,194 Thread 0x00007ff3d000a000 Uncommon trap: reason=unstable_if action=reinterpret pc=0x00007ff3c113a844 method=java.lang.String.indexOf(II)I @ 49
Event: 0,514 Thread 0x00007ff3d015a800 Uncommon trap: reason=unstable_if action=reinterpret pc=0x00007ff3c11cf36c method=java.util.HashMap.getNode(ILjava/lang/Object;)Ljava/util/HashMap$Node; @ 129

Internal exceptions (2 events):
Event: 0,034 Thread 0x00007ff3d000a000 Exception <a 'java/lang/NoSuchMethodError': Method sun.misc.Unsafe.defineClass(Ljava/lang/String;[BII)Ljava/lang/Class; name or signature does not match> (0x00000000eab07cc0) thrown at [/HUDSON/workspace/8-2-build-linux-amd64/jdk8u91/6644/hotspot/src/shar
Event: 0,034 Thread 0x00007ff3d000a000 Exception <a 'java/lang/NoSuchMethodError': Method sun.misc.Unsafe.prefetchRead(Ljava/lang/Object;J)V name or signature does not match> (0x00000000eab07fa8) thrown at [/HUDSON/workspace/8-2-build-linux-amd64/jdk8u91/6644/hotspot/src/share/vm/prims/jni.cpp

Events (10 events):
Event: 1,057 Executing VM operation: ForceSafepoint done
Event: 1,245 Thread 0x00007ff3d0156800 DEOPT PACKING pc=0x00007ff3c1303e3c sp=0x00007ff3a839e140
Event: 1,245 Thread 0x00007ff3d0156800 DEOPT UNPACKING pc=0x00007ff3c1047633 sp=0x00007ff3a839de88 mode 0
Event: 1,304 loading class com/android/dx/util/ListIntSet
Event: 1,304 loading class com/android/dx/util/ListIntSet done
Event: 1,333 Executing VM operation: Deoptimize
Event: 1,336 Executing VM operation: Deoptimize done
Event: 1,349 loading class com/android/dx/util/ListIntSet$1
Event: 1,349 loading class com/android/dx/util/ListIntSet$1 done
Event: 1,485 Executing VM operation: ParallelGCFailedAllocation


Dynamic libraries:
00400000-00401000 r-xp 00000000 08:04 1184221                            /usr/lib/jvm/java-8-oracle/bin/java
00600000-00601000 rw-p 00000000 08:04 1184221                            /usr/lib/jvm/java-8-oracle/bin/java
02056000-02077000 rw-p 00000000 00:00 0                                  [heap]
c0000000-c5300000 rw-p 00000000 00:00 0 
c5300000-eab00000 ---p 00000000 00:00 0 
eab00000-ed400000 rw-p 00000000 00:00 0 
ef300000-100000000 ---p 00000000 00:00 0 
100000000-1000a0000 rw-p 00000000 00:00 0 
1000a0000-140000000 ---p 00000000 00:00 0 
7ff35c000000-7ff35c080000 rw-p 00000000 00:00 0 
7ff35c080000-7ff360000000 ---p 00000000 00:00 0 
7ff364000000-7ff364021000 rw-p 00000000 00:00 0 
7ff364021000-7ff368000000 ---p 00000000 00:00 0 
7ff368000000-7ff368021000 rw-p 00000000 00:00 0 
7ff368021000-7ff36c000000 ---p 00000000 00:00 0 
7ff36c000000-7ff36c021000 rw-p 00000000 00:00 0 
7ff36c021000-7ff370000000 ---p 00000000 00:00 0 
7ff370000000-7ff370098000 rw-p 00000000 00:00 0 
7ff370098000-7ff374000000 ---p 00000000 00:00 0 
7ff374000000-7ff374021000 rw-p 00000000 00:00 0 
7ff374021000-7ff378000000 ---p 00000000 00:00 0 
7ff378000000-7ff378021000 rw-p 00000000 00:00 0 
7ff378021000-7ff37c000000 ---p 00000000 00:00 0 
7ff37c000000-7ff37c5e4000 rw-p 00000000 00:00 0 
7ff37c5e4000-7ff380000000 ---p 00000000 00:00 0 
7ff380000000-7ff38068e000 rw-p 00000000 00:00 0 
7ff38068e000-7ff384000000 ---p 00000000 00:00 0 
7ff384000000-7ff3844b2000 rw-p 00000000 00:00 0 
7ff3844b2000-7ff388000000 ---p 00000000 00:00 0 
7ff388000000-7ff3884d4000 rw-p 00000000 00:00 0 
7ff3884d4000-7ff38c000000 ---p 00000000 00:00 0 
7ff38c000000-7ff38c021000 rw-p 00000000 00:00 0 
7ff38c021000-7ff390000000 ---p 00000000 00:00 0 
7ff390000000-7ff390021000 rw-p 00000000 00:00 0 
7ff390021000-7ff394000000 ---p 00000000 00:00 0 
7ff394000000-7ff39428c000 rw-p 00000000 00:00 0 
7ff39428c000-7ff398000000 ---p 00000000 00:00 0 
7ff398000000-7ff398021000 rw-p 00000000 00:00 0 
7ff398021000-7ff39c000000 ---p 00000000 00:00 0 
7ff39c000000-7ff39c021000 rw-p 00000000 00:00 0 
7ff39c021000-7ff3a0000000 ---p 00000000 00:00 0 
7ff3a0000000-7ff3a0021000 rw-p 00000000 00:00 0 
7ff3a0021000-7ff3a4000000 ---p 00000000 00:00 0 
7ff3a4000000-7ff3a4021000 rw-p 00000000 00:00 0 
7ff3a4021000-7ff3a8000000 ---p 00000000 00:00 0 
7ff3a809d000-7ff3a80a0000 ---p 00000000 00:00 0 
7ff3a80a0000-7ff3a819e000 rw-p 00000000 00:00 0 
7ff3a819e000-7ff3a81a1000 ---p 00000000 00:00 0 
7ff3a81a1000-7ff3a829f000 rw-p 00000000 00:00 0 
7ff3a829f000-7ff3a82a2000 ---p 00000000 00:00 0 
7ff3a82a2000-7ff3a83a0000 rw-p 00000000 00:00 0 
7ff3a83a0000-7ff3a83a3000 ---p 00000000 00:00 0 
7ff3a83a3000-7ff3a84a1000 rw-p 00000000 00:00 0 
7ff3a84a1000-7ff3a84a4000 ---p 00000000 00:00 0 
7ff3a84a4000-7ff3a85a2000 rw-p 00000000 00:00 0 
7ff3a85a2000-7ff3a85a3000 ---p 00000000 00:00 0 
7ff3a85a3000-7ff3a86a3000 rw-p 00000000 00:00 0 
7ff3a86a3000-7ff3a86a6000 ---p 00000000 00:00 0 
7ff3a86a6000-7ff3a87a4000 rw-p 00000000 00:00 0 
7ff3a87a4000-7ff3a87a7000 ---p 00000000 00:00 0 
7ff3a87a7000-7ff3a88a5000 rw-p 00000000 00:00 0 
7ff3a88a5000-7ff3a88a8000 ---p 00000000 00:00 0 
7ff3a88a8000-7ff3a89a6000 rw-p 00000000 00:00 0 
7ff3a89a6000-7ff3a89a9000 ---p 00000000 00:00 0 
7ff3a89a9000-7ff3a8aa7000 rw-p 00000000 00:00 0 
7ff3a8aa7000-7ff3a8aaa000 ---p 00000000 00:00 0 
7ff3a8aaa000-7ff3a8ba8000 rw-p 00000000 00:00 0 
7ff3a8ba8000-7ff3a8bab000 ---p 00000000 00:00 0 
7ff3a8bab000-7ff3a8ca9000 rw-p 00000000 00:00 0 
7ff3a8ca9000-7ff3a94f5000 r--p 00000000 08:04 531399                     /usr/lib/locale/locale-archive
7ff3a94f5000-7ff3a94f8000 ---p 00000000 00:00 0 
7ff3a94f8000-7ff3a95f6000 rw-p 00000000 00:00 0 
7ff3a95f6000-7ff3a95f9000 ---p 00000000 00:00 0 
7ff3a95f9000-7ff3a96f7000 rw-p 00000000 00:00 0 
7ff3a96f7000-7ff3a96f8000 ---p 00000000 00:00 0 
7ff3a96f8000-7ff3ac000000 rw-p 00000000 00:00 0 
7ff3ac000000-7ff3ac021000 rw-p 00000000 00:00 0 
7ff3ac021000-7ff3b0000000 ---p 00000000 00:00 0 
7ff3b0000000-7ff3b0021000 rw-p 00000000 00:00 0 
7ff3b0021000-7ff3b4000000 ---p 00000000 00:00 0 
7ff3b4000000-7ff3b4021000 rw-p 00000000 00:00 0 
7ff3b4021000-7ff3b8000000 ---p 00000000 00:00 0 
7ff3b8000000-7ff3b8021000 rw-p 00000000 00:00 0 
7ff3b8021000-7ff3bc000000 ---p 00000000 00:00 0 
7ff3bc000000-7ff3bc021000 rw-p 00000000 00:00 0 
7ff3bc021000-7ff3c0000000 ---p 00000000 00:00 0 
7ff3c00af000-7ff3c1000000 rw-p 00000000 00:00 0 
7ff3c1000000-7ff3c1390000 rwxp 00000000 00:00 0 
7ff3c1390000-7ff3d0000000 ---p 00000000 00:00 0 
7ff3d0000000-7ff3d03a3000 rw-p 00000000 00:00 0 
7ff3d03a3000-7ff3d4000000 ---p 00000000 00:00 0 
7ff3d4008000-7ff3d4500000 rw-p 00000000 00:00 0 
7ff3d4500000-7ff3d46d9000 r--s 03d1f000 08:04 802413                     /usr/lib/jvm/java-8-oracle/jre/lib/rt.jar
7ff3d46d9000-7ff3d4d8f000 rw-p 00000000 00:00 0 
7ff3d4d8f000-7ff3d4f4f000 ---p 00000000 00:00 0 
7ff3d4f4f000-7ff3d514f000 rw-p 00000000 00:00 0 
7ff3d514f000-7ff3d5150000 ---p 00000000 00:00 0 
7ff3d5150000-7ff3d5250000 rw-p 00000000 00:00 0 
7ff3d5250000-7ff3d5251000 ---p 00000000 00:00 0 
7ff3d5251000-7ff3d5351000 rw-p 00000000 00:00 0 
7ff3d5351000-7ff3d5352000 ---p 00000000 00:00 0 
7ff3d5352000-7ff3d5452000 rw-p 00000000 00:00 0 
7ff3d5452000-7ff3d5453000 ---p 00000000 00:00 0 
7ff3d5453000-7ff3d5553000 rw-p 00000000 00:00 0 
7ff3d5553000-7ff3d5554000 ---p 00000000 00:00 0 
7ff3d5554000-7ff3d5654000 rw-p 00000000 00:00 0 
7ff3d5654000-7ff3d5655000 ---p 00000000 00:00 0 
7ff3d5655000-7ff3d5755000 rw-p 00000000 00:00 0 
7ff3d5755000-7ff3d5756000 ---p 00000000 00:00 0 
7ff3d5756000-7ff3d5856000 rw-p 00000000 00:00 0 
7ff3d5856000-7ff3d5857000 ---p 00000000 00:00 0 
7ff3d5857000-7ff3d5981000 rw-p 00000000 00:00 0 
7ff3d5981000-7ff3d5aad000 ---p 00000000 00:00 0 
7ff3d5aad000-7ff3d5ad7000 rw-p 00000000 00:00 0 
7ff3d5ad7000-7ff3d5c02000 ---p 00000000 00:00 0 
7ff3d5c02000-7ff3d5c17000 rw-p 00000000 00:00 0 
7ff3d5c17000-7ff3d5cad000 ---p 00000000 00:00 0 
7ff3d5cad000-7ff3d5cbd000 rw-p 00000000 00:00 0 
7ff3d5cbd000-7ff3d606e000 ---p 00000000 00:00 0 
7ff3d606e000-7ff3d6088000 r-xp 00000000 08:04 1054389                    /usr/lib/jvm/java-8-oracle/jre/lib/amd64/libzip.so
7ff3d6088000-7ff3d6288000 ---p 0001a000 08:04 1054389                    /usr/lib/jvm/java-8-oracle/jre/lib/amd64/libzip.so
7ff3d6288000-7ff3d6289000 rw-p 0001a000 08:04 1054389                    /usr/lib/jvm/java-8-oracle/jre/lib/amd64/libzip.so
7ff3d6289000-7ff3d6293000 r-xp 00000000 08:04 270973                     /lib/x86_64-linux-gnu/libnss_files-2.19.so
7ff3d6293000-7ff3d6492000 ---p 0000a000 08:04 270973                     /lib/x86_64-linux-gnu/libnss_files-2.19.so
7ff3d6492000-7ff3d6493000 r--p 00009000 08:04 270973                     /lib/x86_64-linux-gnu/libnss_files-2.19.so
7ff3d6493000-7ff3d6494000 rw-p 0000a000 08:04 270973                     /lib/x86_64-linux-gnu/libnss_files-2.19.so
7ff3d6494000-7ff3d649f000 r-xp 00000000 08:04 270961                     /lib/x86_64-linux-gnu/libnss_nis-2.19.so
7ff3d649f000-7ff3d669e000 ---p 0000b000 08:04 270961                     /lib/x86_64-linux-gnu/libnss_nis-2.19.so
7ff3d669e000-7ff3d669f000 r--p 0000a000 08:04 270961                     /lib/x86_64-linux-gnu/libnss_nis-2.19.so
7ff3d669f000-7ff3d66a0000 rw-p 0000b000 08:04 270961                     /lib/x86_64-linux-gnu/libnss_nis-2.19.so
7ff3d66a0000-7ff3d66b7000 r-xp 00000000 08:04 270957                     /lib/x86_64-linux-gnu/libnsl-2.19.so
7ff3d66b7000-7ff3d68b6000 ---p 00017000 08:04 270957                     /lib/x86_64-linux-gnu/libnsl-2.19.so
7ff3d68b6000-7ff3d68b7000 r--p 00016000 08:04 270957                     /lib/x86_64-linux-gnu/libnsl-2.19.so
7ff3d68b7000-7ff3d68b8000 rw-p 00017000 08:04 270957                     /lib/x86_64-linux-gnu/libnsl-2.19.so
7ff3d68b8000-7ff3d68ba000 rw-p 00000000 00:00 0 
7ff3d68ba000-7ff3d68c3000 r-xp 00000000 08:04 270956                     /lib/x86_64-linux-gnu/libnss_compat-2.19.so
7ff3d68c3000-7ff3d6ac2000 ---p 00009000 08:04 270956                     /lib/x86_64-linux-gnu/libnss_compat-2.19.so
7ff3d6ac2000-7ff3d6ac3000 r--p 00008000 08:04 270956                     /lib/x86_64-linux-gnu/libnss_compat-2.19.so
7ff3d6ac3000-7ff3d6ac4000 rw-p 00009000 08:04 270956                     /lib/x86_64-linux-gnu/libnss_compat-2.19.so
7ff3d6ac4000-7ff3d6aee000 r-xp 00000000 08:04 1054391                    /usr/lib/jvm/java-8-oracle/jre/lib/amd64/libjava.so
7ff3d6aee000-7ff3d6cee000 ---p 0002a000 08:04 1054391                    /usr/lib/jvm/java-8-oracle/jre/lib/amd64/libjava.so
7ff3d6cee000-7ff3d6cf0000 rw-p 0002a000 08:04 1054391                    /usr/lib/jvm/java-8-oracle/jre/lib/amd64/libjava.so
7ff3d6cf0000-7ff3d6cfd000 r-xp 00000000 08:04 1057088                    /usr/lib/jvm/java-8-oracle/jre/lib/amd64/libverify.so
7ff3d6cfd000-7ff3d6efd000 ---p 0000d000 08:04 1057088                    /usr/lib/jvm/java-8-oracle/jre/lib/amd64/libverify.so
7ff3d6efd000-7ff3d6eff000 rw-p 0000d000 08:04 1057088                    /usr/lib/jvm/java-8-oracle/jre/lib/amd64/libverify.so
7ff3d6eff000-7ff3d6f06000 r-xp 00000000 08:04 270968                     /lib/x86_64-linux-gnu/librt-2.19.so
7ff3d6f06000-7ff3d7105000 ---p 00007000 08:04 270968                     /lib/x86_64-linux-gnu/librt-2.19.so
7ff3d7105000-7ff3d7106000 r--p 00006000 08:04 270968                     /lib/x86_64-linux-gnu/librt-2.19.so
7ff3d7106000-7ff3d7107000 rw-p 00007000 08:04 270968                     /lib/x86_64-linux-gnu/librt-2.19.so
7ff3d7107000-7ff3d720c000 r-xp 00000000 08:04 270934                     /lib/x86_64-linux-gnu/libm-2.19.so
7ff3d720c000-7ff3d740b000 ---p 00105000 08:04 270934                     /lib/x86_64-linux-gnu/libm-2.19.so
7ff3d740b000-7ff3d740c000 r--p 00104000 08:04 270934                     /lib/x86_64-linux-gnu/libm-2.19.so
7ff3d740c000-7ff3d740d000 rw-p 00105000 08:04 270934                     /lib/x86_64-linux-gnu/libm-2.19.so
7ff3d740d000-7ff3d80cd000 r-xp 00000000 08:04 1057253                    /usr/lib/jvm/java-8-oracle/jre/lib/amd64/server/libjvm.so
7ff3d80cd000-7ff3d82cd000 ---p 00cc0000 08:04 1057253                    /usr/lib/jvm/java-8-oracle/jre/lib/amd64/server/libjvm.so
7ff3d82cd000-7ff3d83a5000 rw-p 00cc0000 08:04 1057253                    /usr/lib/jvm/java-8-oracle/jre/lib/amd64/server/libjvm.so
7ff3d83a5000-7ff3d83f0000 rw-p 00000000 00:00 0 
7ff3d83f0000-7ff3d85aa000 r-xp 00000000 08:04 270969                     /lib/x86_64-linux-gnu/libc-2.19.so
7ff3d85aa000-7ff3d87aa000 ---p 001ba000 08:04 270969                     /lib/x86_64-linux-gnu/libc-2.19.so
7ff3d87aa000-7ff3d87ae000 r--p 001ba000 08:04 270969                     /lib/x86_64-linux-gnu/libc-2.19.so
7ff3d87ae000-7ff3d87b0000 rw-p 001be000 08:04 270969                     /lib/x86_64-linux-gnu/libc-2.19.so
7ff3d87b0000-7ff3d87b5000 rw-p 00000000 00:00 0 
7ff3d87b5000-7ff3d87b8000 r-xp 00000000 08:04 270944                     /lib/x86_64-linux-gnu/libdl-2.19.so
7ff3d87b8000-7ff3d89b7000 ---p 00003000 08:04 270944                     /lib/x86_64-linux-gnu/libdl-2.19.so
7ff3d89b7000-7ff3d89b8000 r--p 00002000 08:04 270944                     /lib/x86_64-linux-gnu/libdl-2.19.so
7ff3d89b8000-7ff3d89b9000 rw-p 00003000 08:04 270944                     /lib/x86_64-linux-gnu/libdl-2.19.so
7ff3d89b9000-7ff3d89ce000 r-xp 00000000 08:04 802217                     /usr/lib/jvm/java-8-oracle/lib/amd64/jli/libjli.so
7ff3d89ce000-7ff3d8bce000 ---p 00015000 08:04 802217                     /usr/lib/jvm/java-8-oracle/lib/amd64/jli/libjli.so
7ff3d8bce000-7ff3d8bcf000 rw-p 00015000 08:04 802217                     /usr/lib/jvm/java-8-oracle/lib/amd64/jli/libjli.so
7ff3d8bcf000-7ff3d8be8000 r-xp 00000000 08:04 270958                     /lib/x86_64-linux-gnu/libpthread-2.19.so
7ff3d8be8000-7ff3d8de7000 ---p 00019000 08:04 270958                     /lib/x86_64-linux-gnu/libpthread-2.19.so
7ff3d8de7000-7ff3d8de8000 r--p 00018000 08:04 270958                     /lib/x86_64-linux-gnu/libpthread-2.19.so
7ff3d8de8000-7ff3d8de9000 rw-p 00019000 08:04 270958                     /lib/x86_64-linux-gnu/libpthread-2.19.so
7ff3d8de9000-7ff3d8ded000 rw-p 00000000 00:00 0 
7ff3d8ded000-7ff3d8e10000 r-xp 00000000 08:04 270959                     /lib/x86_64-linux-gnu/ld-2.19.so
7ff3d8e12000-7ff3d8eeb000 rw-p 00000000 00:00 0 
7ff3d8eeb000-7ff3d8eee000 ---p 00000000 00:00 0 
7ff3d8eee000-7ff3d8ff0000 rw-p 00000000 00:00 0 
7ff3d8ff3000-7ff3d8ff4000 rw-p 00000000 00:00 0 
7ff3d8ff4000-7ff3d9003000 r--s 000df000 08:04 135543                     /home/ankoma88/Android/Sdk/build-tools/23.0.3/lib/dx.jar
7ff3d9003000-7ff3d900b000 rw-s 00000000 08:04 417154                     /tmp/hsperfdata_ankoma88/8764
7ff3d900b000-7ff3d900c000 rw-p 00000000 00:00 0 
7ff3d900c000-7ff3d900d000 ---p 00000000 00:00 0 
7ff3d900d000-7ff3d900f000 rw-p 00000000 00:00 0 
7ff3d900f000-7ff3d9010000 r--p 00022000 08:04 270959                     /lib/x86_64-linux-gnu/ld-2.19.so
7ff3d9010000-7ff3d9011000 rw-p 00023000 08:04 270959                     /lib/x86_64-linux-gnu/ld-2.19.so
7ff3d9011000-7ff3d9012000 rw-p 00000000 00:00 0 
7fff068a9000-7fff068ca000 rw-p 00000000 00:00 0                          [stack]
7fff069e5000-7fff069e7000 r--p 00000000 00:00 0                          [vvar]
7fff069e7000-7fff069e9000 r-xp 00000000 00:00 0                          [vdso]
ffffffffff600000-ffffffffff601000 r-xp 00000000 00:00 0                  [vsyscall]

VM Arguments:
jvm_args: -Djava.awt.headless=true -Xmx1024M -Dfile.encoding=UTF-8 -Duser.country=US -Duser.language=en -Duser.variant 
java_command: com.android.dx.command.Main --dex --force-jumbo --num-threads=4 --multi-dex --output /home/ankoma88/AndroidStudioProjects/NewsReader/app/build/intermediates/transforms/dex/debug/folders/1000/5/slice_6 /home/ankoma88/AndroidStudioProjects/NewsReader/app/build/intermediates/transforms/instantRunSlicer/debug/folders/1/5/slice_6
java_class_path (initial): /home/ankoma88/Android/Sdk/build-tools/23.0.3/lib/dx.jar
Launcher Type: SUN_STANDARD

Environment Variables:
JAVA_HOME=/usr/lib/jvm/java-8-oracle
PATH=/usr/local/sbin:/usr/local/bin:/usr/sbin:/usr/bin:/sbin:/bin:/usr/games:/usr/local/games:/usr/lib/jvm/java-8-oracle/bin:/usr/lib/jvm/java-8-oracle/db/bin:/usr/lib/jvm/java-8-oracle/jre/bin
LD_LIBRARY_PATH=/usr/local/ide/android-studio/bin:
SHELL=/bin/bash
DISPLAY=:0

Signal Handlers:
SIGSEGV: [libjvm.so+0xabca10], sa_mask[0]=11111111011111111101111111111110, sa_flags=SA_RESTART|SA_SIGINFO
SIGBUS: [libjvm.so+0xabca10], sa_mask[0]=11111111011111111101111111111110, sa_flags=SA_RESTART|SA_SIGINFO
SIGFPE: [libjvm.so+0x919a20], sa_mask[0]=11111111011111111101111111111110, sa_flags=SA_RESTART|SA_SIGINFO
SIGPIPE: [libjvm.so+0x919a20], sa_mask[0]=11111111011111111101111111111110, sa_flags=SA_RESTART|SA_SIGINFO
SIGXFSZ: [libjvm.so+0x919a20], sa_mask[0]=11111111011111111101111111111110, sa_flags=SA_RESTART|SA_SIGINFO
SIGILL: [libjvm.so+0x919a20], sa_mask[0]=11111111011111111101111111111110, sa_flags=SA_RESTART|SA_SIGINFO
SIGUSR1: SIG_DFL, sa_mask[0]=00000000000000000000000000000000, sa_flags=none
SIGUSR2: [libjvm.so+0x91b050], sa_mask[0]=00100000000000000000000000000000, sa_flags=SA_RESTART|SA_SIGINFO
SIGHUP: [libjvm.so+0x91c450], sa_mask[0]=11111111011111111101111111111110, sa_flags=SA_RESTART|SA_SIGINFO
SIGINT: [libjvm.so+0x91c450], sa_mask[0]=11111111011111111101111111111110, sa_flags=SA_RESTART|SA_SIGINFO
SIGTERM: [libjvm.so+0x91c450], sa_mask[0]=11111111011111111101111111111110, sa_flags=SA_RESTART|SA_SIGINFO
SIGQUIT: [libjvm.so+0x91c450], sa_mask[0]=11111111011111111101111111111110, sa_flags=SA_RESTART|SA_SIGINFO


---------------  S Y S T E M  ---------------

OS:DISTRIB_ID=Ubuntu
DISTRIB_RELEASE=14.04
DISTRIB_CODENAME=trusty
DISTRIB_DESCRIPTION="Ubuntu 14.04.4 LTS"

uname:Linux 4.2.0-38-generic #45~14.04.1-Ubuntu SMP Thu Jun 9 09:27:51 UTC 2016 x86_64
libc:glibc 2.19 NPTL 2.19 
rlimit: STACK 8192k, CORE 0k, NPROC 31127, NOFILE 4096, AS infinity
load average:3,16 2,13 1,87

/proc/meminfo:
MemTotal:        8058472 kB
MemFree:          122532 kB
MemAvailable:      63364 kB
Buffers:             400 kB
Cached:          1047528 kB
SwapCached:            0 kB
Active:          6715156 kB
Inactive:         942616 kB
Active(anon):    6712156 kB
Inactive(anon):   936584 kB
Active(file):       3000 kB
Inactive(file):     6032 kB
Unevictable:          96 kB
Mlocked:              96 kB
SwapTotal:             0 kB
SwapFree:              0 kB
Dirty:                92 kB
Writeback:             0 kB
AnonPages:       6610088 kB
Mapped:           479412 kB
Shmem:           1038748 kB
Slab:             111132 kB
SReclaimable:      41576 kB
SUnreclaim:        69556 kB
KernelStack:       17360 kB
PageTables:        72204 kB
NFS_Unstable:          0 kB
Bounce:                0 kB
WritebackTmp:          0 kB
CommitLimit:     4029236 kB
Committed_AS:   15853028 kB
VmallocTotal:   34359738367 kB
VmallocUsed:      392008 kB
VmallocChunk:   34358947836 kB
HardwareCorrupted:     0 kB
AnonHugePages:   2510848 kB
CmaTotal:              0 kB
CmaFree:               0 kB
HugePages_Total:       0
HugePages_Free:        0
HugePages_Rsvd:        0
HugePages_Surp:        0
Hugepagesize:       2048 kB
DirectMap4k:      206824 kB
DirectMap2M:     8065024 kB


CPU:total 8 (4 cores per cpu, 2 threads per core) family 6 model 58 stepping 9, cmov, cx8, fxsr, mmx, sse, sse2, sse3, ssse3, sse4.1, sse4.2, popcnt, avx, clmul, erms, ht, tsc, tscinvbit, tscinv

/proc/cpuinfo:
processor	: 0
vendor_id	: GenuineIntel
cpu family	: 6
model		: 58
model name	: Intel(R) Core(TM) i7-3610QM CPU @ 2.30GHz
stepping	: 9
microcode	: 0x15
cpu MHz		: 3100.148
cache size	: 6144 KB
physical id	: 0
siblings	: 8
core id		: 0
cpu cores	: 4
apicid		: 0
initial apicid	: 0
fpu		: yes
fpu_exception	: yes
cpuid level	: 13
wp		: yes
flags		: fpu vme de pse tsc msr pae mce cx8 apic sep mtrr pge mca cmov pat pse36 clflush dts acpi mmx fxsr sse sse2 ss ht tm pbe syscall nx rdtscp lm constant_tsc arch_perfmon pebs bts rep_good nopl xtopology nonstop_tsc aperfmperf eagerfpu pni pclmulqdq dtes64 monitor ds_cpl vmx est tm2 ssse3 cx16 xtpr pdcm pcid sse4_1 sse4_2 x2apic popcnt tsc_deadline_timer xsave avx f16c rdrand lahf_lm ida arat epb pln pts dtherm tpr_shadow vnmi flexpriority ept vpid fsgsbase smep erms xsaveopt
bugs		:
bogomips	: 4589.73
clflush size	: 64
cache_alignment	: 64
address sizes	: 36 bits physical, 48 bits virtual
power management:

processor	: 1
vendor_id	: GenuineIntel
cpu family	: 6
model		: 58
model name	: Intel(R) Core(TM) i7-3610QM CPU @ 2.30GHz
stepping	: 9
microcode	: 0x15
cpu MHz		: 2708.070
cache size	: 6144 KB
physical id	: 0
siblings	: 8
core id		: 1
cpu cores	: 4
apicid		: 2
initial apicid	: 2
fpu		: yes
fpu_exception	: yes
cpuid level	: 13
wp		: yes
flags		: fpu vme de pse tsc msr pae mce cx8 apic sep mtrr pge mca cmov pat pse36 clflush dts acpi mmx fxsr sse sse2 ss ht tm pbe syscall nx rdtscp lm constant_tsc arch_perfmon pebs bts rep_good nopl xtopology nonstop_tsc aperfmperf eagerfpu pni pclmulqdq dtes64 monitor ds_cpl vmx est tm2 ssse3 cx16 xtpr pdcm pcid sse4_1 sse4_2 x2apic popcnt tsc_deadline_timer xsave avx f16c rdrand lahf_lm ida arat epb pln pts dtherm tpr_shadow vnmi flexpriority ept vpid fsgsbase smep erms xsaveopt
bugs		:
bogomips	: 4589.73
clflush size	: 64
cache_alignment	: 64
address sizes	: 36 bits physical, 48 bits virtual
power management:

processor	: 2
vendor_id	: GenuineIntel
cpu family	: 6
model		: 58
model name	: Intel(R) Core(TM) i7-3610QM CPU @ 2.30GHz
stepping	: 9
microcode	: 0x15
cpu MHz		: 2965.742
cache size	: 6144 KB
physical id	: 0
siblings	: 8
core id		: 2
cpu cores	: 4
apicid		: 4
initial apicid	: 4
fpu		: yes
fpu_exception	: yes
cpuid level	: 13
wp		: yes
flags		: fpu vme de pse tsc msr pae mce cx8 apic sep mtrr pge mca cmov pat pse36 clflush dts acpi mmx fxsr sse sse2 ss ht tm pbe syscall nx rdtscp lm constant_tsc arch_perfmon pebs bts rep_good nopl xtopology nonstop_tsc aperfmperf eagerfpu pni pclmulqdq dtes64 monitor ds_cpl vmx est tm2 ssse3 cx16 xtpr pdcm pcid sse4_1 sse4_2 x2apic popcnt tsc_deadline_timer xsave avx f16c rdrand lahf_lm ida arat epb pln pts dtherm tpr_shadow vnmi flexpriority ept vpid fsgsbase smep erms xsaveopt
bugs		:
bogomips	: 4589.73
clflush size	: 64
cache_alignment	: 64
address sizes	: 36 bits physical, 48 bits virtual
power management:

processor	: 3
vendor_id	: GenuineIntel
cpu family	: 6
model		: 58
model name	: Intel(R) Core(TM) i7-3610QM CPU @ 2.30GHz
stepping	: 9
microcode	: 0x15
cpu MHz		: 3099.968
cache size	: 6144 KB
physical id	: 0
siblings	: 8
core id		: 3
cpu cores	: 4
apicid		: 6
initial apicid	: 6
fpu		: yes
fpu_exception	: yes
cpuid level	: 13
wp		: yes
flags		: fpu vme de pse tsc msr pae mce cx8 apic sep mtrr pge mca cmov pat pse36 clflush dts acpi mmx fxsr sse sse2 ss ht tm pbe syscall nx rdtscp lm constant_tsc arch_perfmon pebs bts rep_good nopl xtopology nonstop_tsc aperfmperf eagerfpu pni pclmulqdq dtes64 monitor ds_cpl vmx est tm2 ssse3 cx16 xtpr pdcm pcid sse4_1 sse4_2 x2apic popcnt tsc_deadline_timer xsave avx f16c rdrand lahf_lm ida arat epb pln pts dtherm tpr_shadow vnmi flexpriority ept vpid fsgsbase smep erms xsaveopt
bugs		:
bogomips	: 4589.73
clflush size	: 64
cache_alignment	: 64
address sizes	: 36 bits physical, 48 bits virtual
power management:

processor	: 4
vendor_id	: GenuineIntel
cpu family	: 6
model		: 58
model name	: Intel(R) Core(TM) i7-3610QM CPU @ 2.30GHz
stepping	: 9
microcode	: 0x15
cpu MHz		: 2595.496
cache size	: 6144 KB
physical id	: 0
siblings	: 8
core id		: 0
cpu cores	: 4
apicid		: 1
initial apicid	: 1
fpu		: yes
fpu_exception	: yes
cpuid level	: 13
wp		: yes
flags		: fpu vme de pse tsc msr pae mce cx8 apic sep mtrr pge mca cmov pat pse36 clflush dts acpi mmx fxsr sse sse2 ss ht tm pbe syscall nx rdtscp lm constant_tsc arch_perfmon pebs bts rep_good nopl xtopology nonstop_tsc aperfmperf eagerfpu pni pclmulqdq dtes64 monitor ds_cpl vmx est tm2 ssse3 cx16 xtpr pdcm pcid sse4_1 sse4_2 x2apic popcnt tsc_deadline_timer xsave avx f16c rdrand lahf_lm ida arat epb pln pts dtherm tpr_shadow vnmi flexpriority ept vpid fsgsbase smep erms xsaveopt
bugs		:
bogomips	: 4589.73
clflush size	: 64
cache_alignment	: 64
address sizes	: 36 bits physical, 48 bits virtual
power management:

processor	: 5
vendor_id	: GenuineIntel
cpu family	: 6
model		: 58
model name	: Intel(R) Core(TM) i7-3610QM CPU @ 2.30GHz
stepping	: 9
microcode	: 0x15
cpu MHz		: 3108.054
cache size	: 6144 KB
physical id	: 0
siblings	: 8
core id		: 1
cpu cores	: 4
apicid		: 3
initial apicid	: 3
fpu		: yes
fpu_exception	: yes
cpuid level	: 13
wp		: yes
flags		: fpu vme de pse tsc msr pae mce cx8 apic sep mtrr pge mca cmov pat pse36 clflush dts acpi mmx fxsr sse sse2 ss ht tm pbe syscall nx rdtscp lm constant_tsc arch_perfmon pebs bts rep_good nopl xtopology nonstop_tsc aperfmperf eagerfpu pni pclmulqdq dtes64 monitor ds_cpl vmx est tm2 ssse3 cx16 xtpr pdcm pcid sse4_1 sse4_2 x2apic popcnt tsc_deadline_timer xsave avx f16c rdrand lahf_lm ida arat epb pln pts dtherm tpr_shadow vnmi flexpriority ept vpid fsgsbase smep erms xsaveopt
bugs		:
bogomips	: 4589.73
clflush size	: 64
cache_alignment	: 64
address sizes	: 36 bits physical, 48 bits virtual
power management:

processor	: 6
vendor_id	: GenuineIntel
cpu family	: 6
model		: 58
model name	: Intel(R) Core(TM) i7-3610QM CPU @ 2.30GHz
stepping	: 9
microcode	: 0x15
cpu MHz		: 2041.878
cache size	: 6144 KB
physical id	: 0
siblings	: 8
core id		: 2
cpu cores	: 4
apicid		: 5
initial apicid	: 5
fpu		: yes
fpu_exception	: yes
cpuid level	: 13
wp		: yes
flags		: fpu vme de pse tsc msr pae mce cx8 apic sep mtrr pge mca cmov pat pse36 clflush dts acpi mmx fxsr sse sse2 ss ht tm pbe syscall nx rdtscp lm constant_tsc arch_perfmon pebs bts rep_good nopl xtopology nonstop_tsc aperfmperf eagerfpu pni pclmulqdq dtes64 monitor ds_cpl vmx est tm2 ssse3 cx16 xtpr pdcm pcid sse4_1 sse4_2 x2apic popcnt tsc_deadline_timer xsave avx f16c rdrand lahf_lm ida arat epb pln pts dtherm tpr_shadow vnmi flexpriority ept vpid fsgsbase smep erms xsaveopt
bugs		:
bogomips	: 4589.73
clflush size	: 64
cache_alignment	: 64
address sizes	: 36 bits physical, 48 bits virtual
power management:

processor	: 7
vendor_id	: GenuineIntel
cpu family	: 6
model		: 58
model name	: Intel(R) Core(TM) i7-3610QM CPU @ 2.30GHz
stepping	: 9
microcode	: 0x15
cpu MHz		: 3099.878
cache size	: 6144 KB
physical id	: 0
siblings	: 8
core id		: 3
cpu cores	: 4
apicid		: 7
initial apicid	: 7
fpu		: yes
fpu_exception	: yes
cpuid level	: 13
wp		: yes
flags		: fpu vme de pse tsc msr pae mce cx8 apic sep mtrr pge mca cmov pat pse36 clflush dts acpi mmx fxsr sse sse2 ss ht tm pbe syscall nx rdtscp lm constant_tsc arch_perfmon pebs bts rep_good nopl xtopology nonstop_tsc aperfmperf eagerfpu pni pclmulqdq dtes64 monitor ds_cpl vmx est tm2 ssse3 cx16 xtpr pdcm pcid sse4_1 sse4_2 x2apic popcnt tsc_deadline_timer xsave avx f16c rdrand lahf_lm ida arat epb pln pts dtherm tpr_shadow vnmi flexpriority ept vpid fsgsbase smep erms xsaveopt
bugs		:
bogomips	: 4589.73
clflush size	: 64
cache_alignment	: 64
address sizes	: 36 bits physical, 48 bits virtual
power management:



Memory: 4k page, physical 8058472k(117860k free), swap 0k(0k free)

vm_info: Java HotSpot(TM) 64-Bit Server VM (25.91-b14) for linux-amd64 JRE (1.8.0_91-b14), built on Apr  1 2016 00:57:21 by "java_re" with gcc 4.3.0 20080428 (Red Hat 4.3.0-8)

time: Sat Jun 18 13:02:51 2016
elapsed time: 6 seconds (0d 0h 0m 6s)

